{"C:\\Users\\Khoa\\Documents\\GitHub\\ProjectPeerEvaluation\\src\\backend\\controllers\\authController.js": {"path":"C:\\Users\\Khoa\\Documents\\GitHub\\ProjectPeerEvaluation\\src\\backend\\controllers\\authController.js","statementMap":{"0":{"start":{"line":1,"column":18},"end":{"line":1,"column":48}},"1":{"start":{"line":2,"column":12},"end":{"line":2,"column":35}},"2":{"start":{"line":3,"column":15},"end":{"line":3,"column":34}},"3":{"start":{"line":4,"column":15},"end":{"line":4,"column":32}},"4":{"start":{"line":6,"column":19},"end":{"line":6,"column":61}},"5":{"start":{"line":7,"column":23},"end":{"line":7,"column":27}},"6":{"start":{"line":9,"column":0},"end":{"line":62,"column":2}},"7":{"start":{"line":10,"column":1},"end":{"line":61,"column":2}},"8":{"start":{"line":11,"column":30},"end":{"line":11,"column":38}},"9":{"start":{"line":12,"column":2},"end":{"line":17,"column":3}},"10":{"start":{"line":13,"column":15},"end":{"line":13,"column":60}},"11":{"start":{"line":14,"column":3},"end":{"line":14,"column":33}},"12":{"start":{"line":15,"column":3},"end":{"line":15,"column":20}},"13":{"start":{"line":16,"column":3},"end":{"line":16,"column":20}},"14":{"start":{"line":18,"column":20},"end":{"line":18,"column":54}},"15":{"start":{"line":19,"column":2},"end":{"line":24,"column":3}},"16":{"start":{"line":20,"column":15},"end":{"line":20,"column":54}},"17":{"start":{"line":21,"column":3},"end":{"line":21,"column":27}},"18":{"start":{"line":22,"column":3},"end":{"line":22,"column":20}},"19":{"start":{"line":23,"column":3},"end":{"line":23,"column":20}},"20":{"start":{"line":25,"column":18},"end":{"line":25,"column":68}},"21":{"start":{"line":26,"column":2},"end":{"line":31,"column":3}},"22":{"start":{"line":27,"column":15},"end":{"line":27,"column":54}},"23":{"start":{"line":28,"column":3},"end":{"line":28,"column":27}},"24":{"start":{"line":29,"column":3},"end":{"line":29,"column":20}},"25":{"start":{"line":30,"column":3},"end":{"line":30,"column":20}},"26":{"start":{"line":33,"column":2},"end":{"line":36,"column":3}},"27":{"start":{"line":35,"column":3},"end":{"line":35,"column":84}},"28":{"start":{"line":38,"column":23},"end":{"line":42,"column":3}},"29":{"start":{"line":43,"column":2},"end":{"line":43,"column":36}},"30":{"start":{"line":44,"column":2},"end":{"line":44,"column":25}},"31":{"start":{"line":45,"column":2},"end":{"line":56,"column":5}},"32":{"start":{"line":58,"column":2},"end":{"line":58,"column":40}},"33":{"start":{"line":59,"column":2},"end":{"line":59,"column":33}},"34":{"start":{"line":60,"column":2},"end":{"line":60,"column":12}},"35":{"start":{"line":64,"column":0},"end":{"line":89,"column":2}},"36":{"start":{"line":65,"column":1},"end":{"line":88,"column":2}},"37":{"start":{"line":66,"column":48},"end":{"line":66,"column":56}},"38":{"start":{"line":67,"column":2},"end":{"line":72,"column":3}},"39":{"start":{"line":68,"column":15},"end":{"line":68,"column":52}},"40":{"start":{"line":69,"column":3},"end":{"line":69,"column":33}},"41":{"start":{"line":70,"column":3},"end":{"line":70,"column":20}},"42":{"start":{"line":71,"column":3},"end":{"line":71,"column":20}},"43":{"start":{"line":73,"column":19},"end":{"line":73,"column":53}},"44":{"start":{"line":74,"column":2},"end":{"line":79,"column":3}},"45":{"start":{"line":75,"column":15},"end":{"line":75,"column":53}},"46":{"start":{"line":76,"column":3},"end":{"line":76,"column":26}},"47":{"start":{"line":77,"column":3},"end":{"line":77,"column":20}},"48":{"start":{"line":78,"column":3},"end":{"line":78,"column":20}},"49":{"start":{"line":80,"column":17},"end":{"line":80,"column":48}},"50":{"start":{"line":81,"column":20},"end":{"line":81,"column":80}},"51":{"start":{"line":82,"column":2},"end":{"line":82,"column":25}},"52":{"start":{"line":83,"column":2},"end":{"line":83,"column":93}},"53":{"start":{"line":85,"column":2},"end":{"line":85,"column":40}},"54":{"start":{"line":86,"column":2},"end":{"line":86,"column":33}},"55":{"start":{"line":87,"column":2},"end":{"line":87,"column":12}},"56":{"start":{"line":91,"column":0},"end":{"line":94,"column":2}},"57":{"start":{"line":93,"column":2},"end":{"line":93,"column":58}},"58":{"start":{"line":96,"column":0},"end":{"line":102,"column":2}},"59":{"start":{"line":98,"column":13},"end":{"line":98,"column":56}},"60":{"start":{"line":99,"column":1},"end":{"line":99,"column":30}},"61":{"start":{"line":100,"column":1},"end":{"line":100,"column":18}},"62":{"start":{"line":101,"column":1},"end":{"line":101,"column":11}},"63":{"start":{"line":104,"column":0},"end":{"line":110,"column":2}},"64":{"start":{"line":106,"column":13},"end":{"line":106,"column":59}},"65":{"start":{"line":107,"column":1},"end":{"line":107,"column":30}},"66":{"start":{"line":108,"column":1},"end":{"line":108,"column":18}},"67":{"start":{"line":109,"column":1},"end":{"line":109,"column":11}},"68":{"start":{"line":112,"column":61},"end":{"line":112,"column":91}},"69":{"start":{"line":113,"column":35},"end":{"line":113,"column":65}},"70":{"start":{"line":116,"column":0},"end":{"line":143,"column":2}},"71":{"start":{"line":117,"column":1},"end":{"line":142,"column":2}},"72":{"start":{"line":118,"column":20},"end":{"line":118,"column":28}},"73":{"start":{"line":119,"column":2},"end":{"line":124,"column":3}},"74":{"start":{"line":120,"column":15},"end":{"line":120,"column":46}},"75":{"start":{"line":121,"column":3},"end":{"line":121,"column":33}},"76":{"start":{"line":122,"column":3},"end":{"line":122,"column":20}},"77":{"start":{"line":123,"column":3},"end":{"line":123,"column":20}},"78":{"start":{"line":125,"column":20},"end":{"line":125,"column":54}},"79":{"start":{"line":126,"column":2},"end":{"line":129,"column":3}},"80":{"start":{"line":128,"column":3},"end":{"line":128,"column":102}},"81":{"start":{"line":131,"column":16},"end":{"line":131,"column":54}},"82":{"start":{"line":132,"column":2},"end":{"line":132,"column":34}},"83":{"start":{"line":133,"column":2},"end":{"line":133,"column":63}},"84":{"start":{"line":134,"column":2},"end":{"line":134,"column":25}},"85":{"start":{"line":136,"column":1},"end":{"line":136,"column":80}},"86":{"start":{"line":137,"column":2},"end":{"line":137,"column":94}},"87":{"start":{"line":139,"column":2},"end":{"line":139,"column":40}},"88":{"start":{"line":140,"column":2},"end":{"line":140,"column":33}},"89":{"start":{"line":141,"column":2},"end":{"line":141,"column":12}},"90":{"start":{"line":146,"column":0},"end":{"line":174,"column":2}},"91":{"start":{"line":147,"column":1},"end":{"line":173,"column":2}},"92":{"start":{"line":148,"column":30},"end":{"line":148,"column":38}},"93":{"start":{"line":149,"column":2},"end":{"line":154,"column":3}},"94":{"start":{"line":150,"column":15},"end":{"line":150,"column":64}},"95":{"start":{"line":151,"column":3},"end":{"line":151,"column":33}},"96":{"start":{"line":152,"column":3},"end":{"line":152,"column":20}},"97":{"start":{"line":153,"column":3},"end":{"line":153,"column":20}},"98":{"start":{"line":155,"column":20},"end":{"line":155,"column":69}},"99":{"start":{"line":156,"column":2},"end":{"line":161,"column":3}},"100":{"start":{"line":157,"column":15},"end":{"line":157,"column":53}},"101":{"start":{"line":158,"column":3},"end":{"line":158,"column":28}},"102":{"start":{"line":159,"column":3},"end":{"line":159,"column":20}},"103":{"start":{"line":160,"column":3},"end":{"line":160,"column":20}},"104":{"start":{"line":163,"column":17},"end":{"line":163,"column":48}},"105":{"start":{"line":164,"column":2},"end":{"line":164,"column":30}},"106":{"start":{"line":165,"column":2},"end":{"line":165,"column":38}},"107":{"start":{"line":166,"column":2},"end":{"line":166,"column":45}},"108":{"start":{"line":167,"column":2},"end":{"line":167,"column":25}},"109":{"start":{"line":168,"column":2},"end":{"line":168,"column":70}},"110":{"start":{"line":170,"column":2},"end":{"line":170,"column":40}},"111":{"start":{"line":171,"column":2},"end":{"line":171,"column":33}},"112":{"start":{"line":172,"column":2},"end":{"line":172,"column":12}}},"fnMap":{"0":{"name":"(anonymous_0)","decl":{"start":{"line":9,"column":16},"end":{"line":9,"column":17}},"loc":{"start":{"line":9,"column":42},"end":{"line":62,"column":1}},"line":9},"1":{"name":"(anonymous_1)","decl":{"start":{"line":64,"column":19},"end":{"line":64,"column":20}},"loc":{"start":{"line":64,"column":45},"end":{"line":89,"column":1}},"line":64},"2":{"name":"(anonymous_2)","decl":{"start":{"line":91,"column":17},"end":{"line":91,"column":18}},"loc":{"start":{"line":91,"column":37},"end":{"line":94,"column":1}},"line":91},"3":{"name":"(anonymous_3)","decl":{"start":{"line":96,"column":23},"end":{"line":96,"column":24}},"loc":{"start":{"line":96,"column":49},"end":{"line":102,"column":1}},"line":96},"4":{"name":"(anonymous_4)","decl":{"start":{"line":104,"column":20},"end":{"line":104,"column":21}},"loc":{"start":{"line":104,"column":46},"end":{"line":110,"column":1}},"line":104},"5":{"name":"(anonymous_5)","decl":{"start":{"line":116,"column":24},"end":{"line":116,"column":25}},"loc":{"start":{"line":116,"column":50},"end":{"line":143,"column":1}},"line":116},"6":{"name":"(anonymous_6)","decl":{"start":{"line":146,"column":25},"end":{"line":146,"column":26}},"loc":{"start":{"line":146,"column":51},"end":{"line":174,"column":1}},"line":146}},"branchMap":{"0":{"loc":{"start":{"line":6,"column":19},"end":{"line":6,"column":61}},"type":"binary-expr","locations":[{"start":{"line":6,"column":19},"end":{"line":6,"column":41}},{"start":{"line":6,"column":45},"end":{"line":6,"column":61}}],"line":6},"1":{"loc":{"start":{"line":12,"column":2},"end":{"line":17,"column":3}},"type":"if","locations":[{"start":{"line":12,"column":2},"end":{"line":17,"column":3}},{"start":{},"end":{}}],"line":12},"2":{"loc":{"start":{"line":12,"column":6},"end":{"line":12,"column":25}},"type":"binary-expr","locations":[{"start":{"line":12,"column":6},"end":{"line":12,"column":12}},{"start":{"line":12,"column":16},"end":{"line":12,"column":25}}],"line":12},"3":{"loc":{"start":{"line":19,"column":2},"end":{"line":24,"column":3}},"type":"if","locations":[{"start":{"line":19,"column":2},"end":{"line":24,"column":3}},{"start":{},"end":{}}],"line":19},"4":{"loc":{"start":{"line":26,"column":2},"end":{"line":31,"column":3}},"type":"if","locations":[{"start":{"line":26,"column":2},"end":{"line":31,"column":3}},{"start":{},"end":{}}],"line":26},"5":{"loc":{"start":{"line":33,"column":2},"end":{"line":36,"column":3}},"type":"if","locations":[{"start":{"line":33,"column":2},"end":{"line":36,"column":3}},{"start":{},"end":{}}],"line":33},"6":{"loc":{"start":{"line":58,"column":13},"end":{"line":58,"column":39}},"type":"binary-expr","locations":[{"start":{"line":58,"column":13},"end":{"line":58,"column":21}},{"start":{"line":58,"column":25},"end":{"line":58,"column":39}}],"line":58},"7":{"loc":{"start":{"line":59,"column":15},"end":{"line":59,"column":32}},"type":"binary-expr","locations":[{"start":{"line":59,"column":15},"end":{"line":59,"column":25}},{"start":{"line":59,"column":29},"end":{"line":59,"column":32}}],"line":59},"8":{"loc":{"start":{"line":67,"column":2},"end":{"line":72,"column":3}},"type":"if","locations":[{"start":{"line":67,"column":2},"end":{"line":72,"column":3}},{"start":{},"end":{}}],"line":67},"9":{"loc":{"start":{"line":67,"column":6},"end":{"line":67,"column":49}},"type":"binary-expr","locations":[{"start":{"line":67,"column":6},"end":{"line":67,"column":12}},{"start":{"line":67,"column":16},"end":{"line":67,"column":25}},{"start":{"line":67,"column":29},"end":{"line":67,"column":34}},{"start":{"line":67,"column":38},"end":{"line":67,"column":49}}],"line":67},"10":{"loc":{"start":{"line":74,"column":2},"end":{"line":79,"column":3}},"type":"if","locations":[{"start":{"line":74,"column":2},"end":{"line":79,"column":3}},{"start":{},"end":{}}],"line":74},"11":{"loc":{"start":{"line":85,"column":13},"end":{"line":85,"column":39}},"type":"binary-expr","locations":[{"start":{"line":85,"column":13},"end":{"line":85,"column":21}},{"start":{"line":85,"column":25},"end":{"line":85,"column":39}}],"line":85},"12":{"loc":{"start":{"line":86,"column":15},"end":{"line":86,"column":32}},"type":"binary-expr","locations":[{"start":{"line":86,"column":15},"end":{"line":86,"column":25}},{"start":{"line":86,"column":29},"end":{"line":86,"column":32}}],"line":86},"13":{"loc":{"start":{"line":119,"column":2},"end":{"line":124,"column":3}},"type":"if","locations":[{"start":{"line":119,"column":2},"end":{"line":124,"column":3}},{"start":{},"end":{}}],"line":119},"14":{"loc":{"start":{"line":126,"column":2},"end":{"line":129,"column":3}},"type":"if","locations":[{"start":{"line":126,"column":2},"end":{"line":129,"column":3}},{"start":{},"end":{}}],"line":126},"15":{"loc":{"start":{"line":139,"column":13},"end":{"line":139,"column":39}},"type":"binary-expr","locations":[{"start":{"line":139,"column":13},"end":{"line":139,"column":21}},{"start":{"line":139,"column":25},"end":{"line":139,"column":39}}],"line":139},"16":{"loc":{"start":{"line":140,"column":15},"end":{"line":140,"column":32}},"type":"binary-expr","locations":[{"start":{"line":140,"column":15},"end":{"line":140,"column":25}},{"start":{"line":140,"column":29},"end":{"line":140,"column":32}}],"line":140},"17":{"loc":{"start":{"line":149,"column":2},"end":{"line":154,"column":3}},"type":"if","locations":[{"start":{"line":149,"column":2},"end":{"line":154,"column":3}},{"start":{},"end":{}}],"line":149},"18":{"loc":{"start":{"line":149,"column":6},"end":{"line":149,"column":25}},"type":"binary-expr","locations":[{"start":{"line":149,"column":6},"end":{"line":149,"column":12}},{"start":{"line":149,"column":16},"end":{"line":149,"column":25}}],"line":149},"19":{"loc":{"start":{"line":156,"column":2},"end":{"line":161,"column":3}},"type":"if","locations":[{"start":{"line":156,"column":2},"end":{"line":161,"column":3}},{"start":{},"end":{}}],"line":156},"20":{"loc":{"start":{"line":156,"column":6},"end":{"line":156,"column":98}},"type":"binary-expr","locations":[{"start":{"line":156,"column":6},"end":{"line":156,"column":16}},{"start":{"line":156,"column":20},"end":{"line":156,"column":51}},{"start":{"line":156,"column":55},"end":{"line":156,"column":98}}],"line":156},"21":{"loc":{"start":{"line":170,"column":13},"end":{"line":170,"column":39}},"type":"binary-expr","locations":[{"start":{"line":170,"column":13},"end":{"line":170,"column":21}},{"start":{"line":170,"column":25},"end":{"line":170,"column":39}}],"line":170},"22":{"loc":{"start":{"line":171,"column":15},"end":{"line":171,"column":32}},"type":"binary-expr","locations":[{"start":{"line":171,"column":15},"end":{"line":171,"column":25}},{"start":{"line":171,"column":29},"end":{"line":171,"column":32}}],"line":171}},"s":{"0":1,"1":1,"2":1,"3":1,"4":1,"5":1,"6":1,"7":5,"8":5,"9":5,"10":1,"11":1,"12":1,"13":1,"14":4,"15":4,"16":1,"17":1,"18":1,"19":1,"20":3,"21":3,"22":1,"23":1,"24":1,"25":1,"26":2,"27":1,"28":1,"29":1,"30":1,"31":1,"32":0,"33":0,"34":0,"35":1,"36":3,"37":3,"38":3,"39":1,"40":1,"41":1,"42":1,"43":2,"44":2,"45":1,"46":1,"47":1,"48":1,"49":1,"50":1,"51":1,"52":1,"53":0,"54":0,"55":0,"56":1,"57":0,"58":1,"59":0,"60":0,"61":0,"62":0,"63":1,"64":0,"65":0,"66":0,"67":0,"68":1,"69":1,"70":1,"71":3,"72":3,"73":3,"74":1,"75":1,"76":1,"77":1,"78":2,"79":2,"80":1,"81":1,"82":1,"83":1,"84":1,"85":1,"86":1,"87":0,"88":0,"89":0,"90":1,"91":0,"92":0,"93":0,"94":0,"95":0,"96":0,"97":0,"98":0,"99":0,"100":0,"101":0,"102":0,"103":0,"104":0,"105":0,"106":0,"107":0,"108":0,"109":0,"110":0,"111":0,"112":0},"f":{"0":5,"1":3,"2":0,"3":0,"4":0,"5":3,"6":0},"b":{"0":[1,1],"1":[1,4],"2":[5,4],"3":[1,3],"4":[1,2],"5":[1,1],"6":[0,0],"7":[0,0],"8":[1,2],"9":[3,3,2,2],"10":[1,1],"11":[0,0],"12":[0,0],"13":[1,2],"14":[1,1],"15":[0,0],"16":[0,0],"17":[0,0],"18":[0,0],"19":[0,0],"20":[0,0,0],"21":[0,0],"22":[0,0]},"_coverageSchema":"1a1c01bbd47fc00a2c39e90264f33305004495a9","hash":"7238d7e552be75d0ec56611423c696266a39384a"}
,"C:\\Users\\Khoa\\Documents\\GitHub\\ProjectPeerEvaluation\\src\\backend\\controllers\\courseController.js": {"path":"C:\\Users\\Khoa\\Documents\\GitHub\\ProjectPeerEvaluation\\src\\backend\\controllers\\courseController.js","statementMap":{"0":{"start":{"line":1,"column":15},"end":{"line":1,"column":42}},"1":{"start":{"line":2,"column":17},"end":{"line":2,"column":36}},"2":{"start":{"line":4,"column":0},"end":{"line":74,"column":2}},"3":{"start":{"line":5,"column":1},"end":{"line":73,"column":2}},"4":{"start":{"line":13,"column":6},"end":{"line":13,"column":15}},"5":{"start":{"line":16,"column":17},"end":{"line":16,"column":46}},"6":{"start":{"line":18,"column":2},"end":{"line":20,"column":3}},"7":{"start":{"line":19,"column":3},"end":{"line":19,"column":63}},"8":{"start":{"line":21,"column":2},"end":{"line":27,"column":3}},"9":{"start":{"line":23,"column":3},"end":{"line":26,"column":5}},"10":{"start":{"line":28,"column":2},"end":{"line":30,"column":3}},"11":{"start":{"line":29,"column":3},"end":{"line":29,"column":69}},"12":{"start":{"line":31,"column":2},"end":{"line":33,"column":3}},"13":{"start":{"line":32,"column":3},"end":{"line":32,"column":57}},"14":{"start":{"line":34,"column":2},"end":{"line":36,"column":3}},"15":{"start":{"line":35,"column":3},"end":{"line":35,"column":40}},"16":{"start":{"line":38,"column":16},"end":{"line":38,"column":41}},"17":{"start":{"line":41,"column":15},"end":{"line":41,"column":40}},"18":{"start":{"line":42,"column":20},"end":{"line":42,"column":43}},"19":{"start":{"line":42,"column":37},"end":{"line":42,"column":42}},"20":{"start":{"line":43,"column":21},"end":{"line":46,"column":4}},"21":{"start":{"line":47,"column":23},"end":{"line":47,"column":25}},"22":{"start":{"line":48,"column":2},"end":{"line":48,"column":76}},"23":{"start":{"line":48,"column":29},"end":{"line":48,"column":72}},"24":{"start":{"line":51,"column":2},"end":{"line":66,"column":5}},"25":{"start":{"line":52,"column":21},"end":{"line":52,"column":38}},"26":{"start":{"line":53,"column":3},"end":{"line":62,"column":4}},"27":{"start":{"line":55,"column":18},"end":{"line":55,"column":50}},"28":{"start":{"line":56,"column":4},"end":{"line":58,"column":5}},"29":{"start":{"line":57,"column":5},"end":{"line":57,"column":65}},"30":{"start":{"line":59,"column":4},"end":{"line":61,"column":5}},"31":{"start":{"line":60,"column":5},"end":{"line":60,"column":57}},"32":{"start":{"line":64,"column":3},"end":{"line":64,"column":70}},"33":{"start":{"line":65,"column":3},"end":{"line":65,"column":20}},"34":{"start":{"line":68,"column":2},"end":{"line":68,"column":32}},"35":{"start":{"line":70,"column":2},"end":{"line":70,"column":40}},"36":{"start":{"line":71,"column":2},"end":{"line":71,"column":33}},"37":{"start":{"line":72,"column":2},"end":{"line":72,"column":12}},"38":{"start":{"line":76,"column":0},"end":{"line":120,"column":2}},"39":{"start":{"line":77,"column":1},"end":{"line":119,"column":2}},"40":{"start":{"line":78,"column":3},"end":{"line":78,"column":62}},"41":{"start":{"line":79,"column":3},"end":{"line":79,"column":45}},"42":{"start":{"line":80,"column":68},"end":{"line":80,"column":76}},"43":{"start":{"line":81,"column":3},"end":{"line":81,"column":94}},"44":{"start":{"line":82,"column":3},"end":{"line":88,"column":4}},"45":{"start":{"line":83,"column":4},"end":{"line":83,"column":54}},"46":{"start":{"line":84,"column":16},"end":{"line":84,"column":85}},"47":{"start":{"line":85,"column":4},"end":{"line":85,"column":34}},"48":{"start":{"line":86,"column":4},"end":{"line":86,"column":21}},"49":{"start":{"line":87,"column":4},"end":{"line":87,"column":21}},"50":{"start":{"line":90,"column":16},"end":{"line":97,"column":5}},"51":{"start":{"line":98,"column":3},"end":{"line":103,"column":4}},"52":{"start":{"line":99,"column":4},"end":{"line":99,"column":36}},"53":{"start":{"line":100,"column":4},"end":{"line":100,"column":41}},"54":{"start":{"line":101,"column":4},"end":{"line":101,"column":24}},"55":{"start":{"line":102,"column":4},"end":{"line":102,"column":84}},"56":{"start":{"line":105,"column":3},"end":{"line":112,"column":6}},"57":{"start":{"line":113,"column":3},"end":{"line":113,"column":23}},"58":{"start":{"line":114,"column":3},"end":{"line":114,"column":72}},"59":{"start":{"line":116,"column":2},"end":{"line":116,"column":40}},"60":{"start":{"line":117,"column":2},"end":{"line":117,"column":33}},"61":{"start":{"line":118,"column":2},"end":{"line":118,"column":12}},"62":{"start":{"line":122,"column":0},"end":{"line":152,"column":2}},"63":{"start":{"line":123,"column":1},"end":{"line":151,"column":2}},"64":{"start":{"line":124,"column":24},"end":{"line":124,"column":34}},"65":{"start":{"line":125,"column":2},"end":{"line":130,"column":3}},"66":{"start":{"line":126,"column":15},"end":{"line":126,"column":46}},"67":{"start":{"line":127,"column":3},"end":{"line":127,"column":33}},"68":{"start":{"line":128,"column":3},"end":{"line":128,"column":20}},"69":{"start":{"line":129,"column":3},"end":{"line":129,"column":20}},"70":{"start":{"line":131,"column":16},"end":{"line":131,"column":48}},"71":{"start":{"line":132,"column":3},"end":{"line":137,"column":4}},"72":{"start":{"line":133,"column":16},"end":{"line":133,"column":46}},"73":{"start":{"line":134,"column":4},"end":{"line":134,"column":27}},"74":{"start":{"line":135,"column":4},"end":{"line":135,"column":21}},"75":{"start":{"line":136,"column":4},"end":{"line":136,"column":21}},"76":{"start":{"line":139,"column":19},"end":{"line":139,"column":47}},"77":{"start":{"line":140,"column":24},"end":{"line":140,"column":79}},"78":{"start":{"line":142,"column":3},"end":{"line":142,"column":92}},"79":{"start":{"line":144,"column":3},"end":{"line":144,"column":30}},"80":{"start":{"line":145,"column":3},"end":{"line":145,"column":39}},"81":{"start":{"line":146,"column":3},"end":{"line":146,"column":32}},"82":{"start":{"line":148,"column":2},"end":{"line":148,"column":40}},"83":{"start":{"line":149,"column":2},"end":{"line":149,"column":33}},"84":{"start":{"line":150,"column":2},"end":{"line":150,"column":12}},"85":{"start":{"line":154,"column":0},"end":{"line":177,"column":2}},"86":{"start":{"line":155,"column":1},"end":{"line":176,"column":2}},"87":{"start":{"line":156,"column":24},"end":{"line":156,"column":34}},"88":{"start":{"line":157,"column":18},"end":{"line":157,"column":26}},"89":{"start":{"line":158,"column":2},"end":{"line":163,"column":3}},"90":{"start":{"line":159,"column":15},"end":{"line":159,"column":46}},"91":{"start":{"line":160,"column":3},"end":{"line":160,"column":33}},"92":{"start":{"line":161,"column":3},"end":{"line":161,"column":20}},"93":{"start":{"line":162,"column":3},"end":{"line":162,"column":20}},"94":{"start":{"line":164,"column":17},"end":{"line":164,"column":82}},"95":{"start":{"line":165,"column":2},"end":{"line":170,"column":3}},"96":{"start":{"line":166,"column":15},"end":{"line":166,"column":45}},"97":{"start":{"line":167,"column":3},"end":{"line":167,"column":26}},"98":{"start":{"line":168,"column":3},"end":{"line":168,"column":20}},"99":{"start":{"line":169,"column":3},"end":{"line":169,"column":20}},"100":{"start":{"line":171,"column":2},"end":{"line":171,"column":55}},"101":{"start":{"line":173,"column":2},"end":{"line":173,"column":40}},"102":{"start":{"line":174,"column":2},"end":{"line":174,"column":33}},"103":{"start":{"line":175,"column":2},"end":{"line":175,"column":12}},"104":{"start":{"line":179,"column":0},"end":{"line":216,"column":2}},"105":{"start":{"line":180,"column":1},"end":{"line":215,"column":2}},"106":{"start":{"line":181,"column":24},"end":{"line":181,"column":34}},"107":{"start":{"line":182,"column":2},"end":{"line":182,"column":57}},"108":{"start":{"line":184,"column":2},"end":{"line":189,"column":3}},"109":{"start":{"line":185,"column":15},"end":{"line":185,"column":46}},"110":{"start":{"line":186,"column":3},"end":{"line":186,"column":33}},"111":{"start":{"line":187,"column":3},"end":{"line":187,"column":20}},"112":{"start":{"line":188,"column":3},"end":{"line":188,"column":20}},"113":{"start":{"line":192,"column":25},"end":{"line":192,"column":63}},"114":{"start":{"line":195,"column":17},"end":{"line":199,"column":3}},"115":{"start":{"line":201,"column":2},"end":{"line":206,"column":3}},"116":{"start":{"line":202,"column":15},"end":{"line":202,"column":45}},"117":{"start":{"line":203,"column":3},"end":{"line":203,"column":26}},"118":{"start":{"line":204,"column":3},"end":{"line":204,"column":20}},"119":{"start":{"line":205,"column":3},"end":{"line":205,"column":20}},"120":{"start":{"line":208,"column":2},"end":{"line":208,"column":72}},"121":{"start":{"line":209,"column":2},"end":{"line":209,"column":68}},"122":{"start":{"line":211,"column":2},"end":{"line":211,"column":45}},"123":{"start":{"line":212,"column":2},"end":{"line":212,"column":40}},"124":{"start":{"line":213,"column":2},"end":{"line":213,"column":33}},"125":{"start":{"line":214,"column":2},"end":{"line":214,"column":12}},"126":{"start":{"line":219,"column":0},"end":{"line":283,"column":2}},"127":{"start":{"line":220,"column":1},"end":{"line":282,"column":2}},"128":{"start":{"line":221,"column":2},"end":{"line":221,"column":46}},"129":{"start":{"line":224,"column":27},"end":{"line":232,"column":4}},"130":{"start":{"line":234,"column":2},"end":{"line":234,"column":69}},"131":{"start":{"line":235,"column":22},"end":{"line":235,"column":23}},"132":{"start":{"line":237,"column":2},"end":{"line":270,"column":3}},"133":{"start":{"line":238,"column":19},"end":{"line":238,"column":21}},"134":{"start":{"line":241,"column":3},"end":{"line":249,"column":4}},"135":{"start":{"line":242,"column":18},"end":{"line":242,"column":47}},"136":{"start":{"line":243,"column":4},"end":{"line":243,"column":59}},"137":{"start":{"line":244,"column":4},"end":{"line":248,"column":5}},"138":{"start":{"line":245,"column":5},"end":{"line":245,"column":55}},"139":{"start":{"line":246,"column":11},"end":{"line":248,"column":5}},"140":{"start":{"line":247,"column":5},"end":{"line":247,"column":35}},"141":{"start":{"line":252,"column":3},"end":{"line":254,"column":4}},"142":{"start":{"line":253,"column":4},"end":{"line":253,"column":37}},"143":{"start":{"line":257,"column":3},"end":{"line":259,"column":4}},"144":{"start":{"line":258,"column":4},"end":{"line":258,"column":30}},"145":{"start":{"line":260,"column":3},"end":{"line":262,"column":4}},"146":{"start":{"line":261,"column":4},"end":{"line":261,"column":27}},"147":{"start":{"line":265,"column":3},"end":{"line":269,"column":4}},"148":{"start":{"line":266,"column":4},"end":{"line":266,"column":56}},"149":{"start":{"line":267,"column":4},"end":{"line":267,"column":106}},"150":{"start":{"line":268,"column":4},"end":{"line":268,"column":20}},"151":{"start":{"line":272,"column":2},"end":{"line":276,"column":5}},"152":{"start":{"line":278,"column":2},"end":{"line":278,"column":49}},"153":{"start":{"line":279,"column":2},"end":{"line":279,"column":40}},"154":{"start":{"line":280,"column":2},"end":{"line":280,"column":33}},"155":{"start":{"line":281,"column":2},"end":{"line":281,"column":12}}},"fnMap":{"0":{"name":"(anonymous_0)","decl":{"start":{"line":4,"column":22},"end":{"line":4,"column":23}},"loc":{"start":{"line":4,"column":48},"end":{"line":74,"column":1}},"line":4},"1":{"name":"(anonymous_1)","decl":{"start":{"line":42,"column":32},"end":{"line":42,"column":33}},"loc":{"start":{"line":42,"column":37},"end":{"line":42,"column":42}},"line":42},"2":{"name":"(anonymous_2)","decl":{"start":{"line":48,"column":21},"end":{"line":48,"column":22}},"loc":{"start":{"line":48,"column":27},"end":{"line":48,"column":74}},"line":48},"3":{"name":"(anonymous_3)","decl":{"start":{"line":51,"column":24},"end":{"line":51,"column":25}},"loc":{"start":{"line":51,"column":34},"end":{"line":66,"column":3}},"line":51},"4":{"name":"(anonymous_4)","decl":{"start":{"line":76,"column":23},"end":{"line":76,"column":24}},"loc":{"start":{"line":76,"column":49},"end":{"line":120,"column":1}},"line":76},"5":{"name":"(anonymous_5)","decl":{"start":{"line":122,"column":20},"end":{"line":122,"column":21}},"loc":{"start":{"line":122,"column":46},"end":{"line":152,"column":1}},"line":122},"6":{"name":"(anonymous_6)","decl":{"start":{"line":154,"column":23},"end":{"line":154,"column":24}},"loc":{"start":{"line":154,"column":49},"end":{"line":177,"column":1}},"line":154},"7":{"name":"(anonymous_7)","decl":{"start":{"line":179,"column":23},"end":{"line":179,"column":24}},"loc":{"start":{"line":179,"column":49},"end":{"line":216,"column":1}},"line":179},"8":{"name":"(anonymous_8)","decl":{"start":{"line":219,"column":25},"end":{"line":219,"column":26}},"loc":{"start":{"line":219,"column":51},"end":{"line":283,"column":1}},"line":219}},"branchMap":{"0":{"loc":{"start":{"line":12,"column":3},"end":{"line":12,"column":27}},"type":"default-arg","locations":[{"start":{"line":12,"column":19},"end":{"line":12,"column":27}}],"line":12},"1":{"loc":{"start":{"line":18,"column":2},"end":{"line":20,"column":3}},"type":"if","locations":[{"start":{"line":18,"column":2},"end":{"line":20,"column":3}},{"start":{},"end":{}}],"line":18},"2":{"loc":{"start":{"line":21,"column":2},"end":{"line":27,"column":3}},"type":"if","locations":[{"start":{"line":21,"column":2},"end":{"line":27,"column":3}},{"start":{},"end":{}}],"line":21},"3":{"loc":{"start":{"line":28,"column":2},"end":{"line":30,"column":3}},"type":"if","locations":[{"start":{"line":28,"column":2},"end":{"line":30,"column":3}},{"start":{},"end":{}}],"line":28},"4":{"loc":{"start":{"line":31,"column":2},"end":{"line":33,"column":3}},"type":"if","locations":[{"start":{"line":31,"column":2},"end":{"line":33,"column":3}},{"start":{},"end":{}}],"line":31},"5":{"loc":{"start":{"line":34,"column":2},"end":{"line":36,"column":3}},"type":"if","locations":[{"start":{"line":34,"column":2},"end":{"line":36,"column":3}},{"start":{},"end":{}}],"line":34},"6":{"loc":{"start":{"line":53,"column":3},"end":{"line":62,"column":4}},"type":"if","locations":[{"start":{"line":53,"column":3},"end":{"line":62,"column":4}},{"start":{},"end":{}}],"line":53},"7":{"loc":{"start":{"line":53,"column":7},"end":{"line":53,"column":87}},"type":"binary-expr","locations":[{"start":{"line":53,"column":7},"end":{"line":53,"column":28}},{"start":{"line":53,"column":33},"end":{"line":53,"column":57}},{"start":{"line":53,"column":61},"end":{"line":53,"column":86}}],"line":53},"8":{"loc":{"start":{"line":56,"column":4},"end":{"line":58,"column":5}},"type":"if","locations":[{"start":{"line":56,"column":4},"end":{"line":58,"column":5}},{"start":{},"end":{}}],"line":56},"9":{"loc":{"start":{"line":57,"column":31},"end":{"line":57,"column":64}},"type":"binary-expr","locations":[{"start":{"line":57,"column":31},"end":{"line":57,"column":39}},{"start":{"line":57,"column":43},"end":{"line":57,"column":64}}],"line":57},"10":{"loc":{"start":{"line":59,"column":4},"end":{"line":61,"column":5}},"type":"if","locations":[{"start":{"line":59,"column":4},"end":{"line":61,"column":5}},{"start":{},"end":{}}],"line":59},"11":{"loc":{"start":{"line":59,"column":8},"end":{"line":59,"column":53}},"type":"binary-expr","locations":[{"start":{"line":59,"column":8},"end":{"line":59,"column":33}},{"start":{"line":59,"column":37},"end":{"line":59,"column":53}}],"line":59},"12":{"loc":{"start":{"line":64,"column":26},"end":{"line":64,"column":69}},"type":"binary-expr","locations":[{"start":{"line":64,"column":26},"end":{"line":64,"column":64}},{"start":{"line":64,"column":68},"end":{"line":64,"column":69}}],"line":64},"13":{"loc":{"start":{"line":70,"column":13},"end":{"line":70,"column":39}},"type":"binary-expr","locations":[{"start":{"line":70,"column":13},"end":{"line":70,"column":21}},{"start":{"line":70,"column":25},"end":{"line":70,"column":39}}],"line":70},"14":{"loc":{"start":{"line":71,"column":15},"end":{"line":71,"column":32}},"type":"binary-expr","locations":[{"start":{"line":71,"column":15},"end":{"line":71,"column":25}},{"start":{"line":71,"column":29},"end":{"line":71,"column":32}}],"line":71},"15":{"loc":{"start":{"line":82,"column":3},"end":{"line":88,"column":4}},"type":"if","locations":[{"start":{"line":82,"column":3},"end":{"line":88,"column":4}},{"start":{},"end":{}}],"line":82},"16":{"loc":{"start":{"line":82,"column":7},"end":{"line":82,"column":69}},"type":"binary-expr","locations":[{"start":{"line":82,"column":7},"end":{"line":82,"column":19}},{"start":{"line":82,"column":23},"end":{"line":82,"column":37}},{"start":{"line":82,"column":41},"end":{"line":82,"column":56}},{"start":{"line":82,"column":60},"end":{"line":82,"column":69}}],"line":82},"17":{"loc":{"start":{"line":98,"column":3},"end":{"line":103,"column":4}},"type":"if","locations":[{"start":{"line":98,"column":3},"end":{"line":103,"column":4}},{"start":{},"end":{}}],"line":98},"18":{"loc":{"start":{"line":116,"column":13},"end":{"line":116,"column":39}},"type":"binary-expr","locations":[{"start":{"line":116,"column":13},"end":{"line":116,"column":21}},{"start":{"line":116,"column":25},"end":{"line":116,"column":39}}],"line":116},"19":{"loc":{"start":{"line":117,"column":15},"end":{"line":117,"column":32}},"type":"binary-expr","locations":[{"start":{"line":117,"column":15},"end":{"line":117,"column":25}},{"start":{"line":117,"column":29},"end":{"line":117,"column":32}}],"line":117},"20":{"loc":{"start":{"line":125,"column":2},"end":{"line":130,"column":3}},"type":"if","locations":[{"start":{"line":125,"column":2},"end":{"line":130,"column":3}},{"start":{},"end":{}}],"line":125},"21":{"loc":{"start":{"line":132,"column":3},"end":{"line":137,"column":4}},"type":"if","locations":[{"start":{"line":132,"column":3},"end":{"line":137,"column":4}},{"start":{},"end":{}}],"line":132},"22":{"loc":{"start":{"line":148,"column":13},"end":{"line":148,"column":39}},"type":"binary-expr","locations":[{"start":{"line":148,"column":13},"end":{"line":148,"column":21}},{"start":{"line":148,"column":25},"end":{"line":148,"column":39}}],"line":148},"23":{"loc":{"start":{"line":149,"column":15},"end":{"line":149,"column":32}},"type":"binary-expr","locations":[{"start":{"line":149,"column":15},"end":{"line":149,"column":25}},{"start":{"line":149,"column":29},"end":{"line":149,"column":32}}],"line":149},"24":{"loc":{"start":{"line":158,"column":2},"end":{"line":163,"column":3}},"type":"if","locations":[{"start":{"line":158,"column":2},"end":{"line":163,"column":3}},{"start":{},"end":{}}],"line":158},"25":{"loc":{"start":{"line":165,"column":2},"end":{"line":170,"column":3}},"type":"if","locations":[{"start":{"line":165,"column":2},"end":{"line":170,"column":3}},{"start":{},"end":{}}],"line":165},"26":{"loc":{"start":{"line":173,"column":13},"end":{"line":173,"column":39}},"type":"binary-expr","locations":[{"start":{"line":173,"column":13},"end":{"line":173,"column":21}},{"start":{"line":173,"column":25},"end":{"line":173,"column":39}}],"line":173},"27":{"loc":{"start":{"line":174,"column":15},"end":{"line":174,"column":32}},"type":"binary-expr","locations":[{"start":{"line":174,"column":15},"end":{"line":174,"column":25}},{"start":{"line":174,"column":29},"end":{"line":174,"column":32}}],"line":174},"28":{"loc":{"start":{"line":184,"column":2},"end":{"line":189,"column":3}},"type":"if","locations":[{"start":{"line":184,"column":2},"end":{"line":189,"column":3}},{"start":{},"end":{}}],"line":184},"29":{"loc":{"start":{"line":201,"column":2},"end":{"line":206,"column":3}},"type":"if","locations":[{"start":{"line":201,"column":2},"end":{"line":206,"column":3}},{"start":{},"end":{}}],"line":201},"30":{"loc":{"start":{"line":212,"column":13},"end":{"line":212,"column":39}},"type":"binary-expr","locations":[{"start":{"line":212,"column":13},"end":{"line":212,"column":21}},{"start":{"line":212,"column":25},"end":{"line":212,"column":39}}],"line":212},"31":{"loc":{"start":{"line":213,"column":15},"end":{"line":213,"column":32}},"type":"binary-expr","locations":[{"start":{"line":213,"column":15},"end":{"line":213,"column":25}},{"start":{"line":213,"column":29},"end":{"line":213,"column":32}}],"line":213},"32":{"loc":{"start":{"line":241,"column":3},"end":{"line":249,"column":4}},"type":"if","locations":[{"start":{"line":241,"column":3},"end":{"line":249,"column":4}},{"start":{},"end":{}}],"line":241},"33":{"loc":{"start":{"line":241,"column":7},"end":{"line":241,"column":50}},"type":"binary-expr","locations":[{"start":{"line":241,"column":7},"end":{"line":241,"column":25}},{"start":{"line":241,"column":29},"end":{"line":241,"column":50}}],"line":241},"34":{"loc":{"start":{"line":243,"column":28},"end":{"line":243,"column":58}},"type":"binary-expr","locations":[{"start":{"line":243,"column":28},"end":{"line":243,"column":36}},{"start":{"line":243,"column":40},"end":{"line":243,"column":58}}],"line":243},"35":{"loc":{"start":{"line":244,"column":4},"end":{"line":248,"column":5}},"type":"if","locations":[{"start":{"line":244,"column":4},"end":{"line":248,"column":5}},{"start":{"line":246,"column":11},"end":{"line":248,"column":5}}],"line":244},"36":{"loc":{"start":{"line":244,"column":8},"end":{"line":244,"column":50}},"type":"binary-expr","locations":[{"start":{"line":244,"column":8},"end":{"line":244,"column":24}},{"start":{"line":244,"column":28},"end":{"line":244,"column":50}}],"line":244},"37":{"loc":{"start":{"line":246,"column":11},"end":{"line":248,"column":5}},"type":"if","locations":[{"start":{"line":246,"column":11},"end":{"line":248,"column":5}},{"start":{},"end":{}}],"line":246},"38":{"loc":{"start":{"line":252,"column":3},"end":{"line":254,"column":4}},"type":"if","locations":[{"start":{"line":252,"column":3},"end":{"line":254,"column":4}},{"start":{},"end":{}}],"line":252},"39":{"loc":{"start":{"line":257,"column":3},"end":{"line":259,"column":4}},"type":"if","locations":[{"start":{"line":257,"column":3},"end":{"line":259,"column":4}},{"start":{},"end":{}}],"line":257},"40":{"loc":{"start":{"line":260,"column":3},"end":{"line":262,"column":4}},"type":"if","locations":[{"start":{"line":260,"column":3},"end":{"line":262,"column":4}},{"start":{},"end":{}}],"line":260},"41":{"loc":{"start":{"line":265,"column":3},"end":{"line":269,"column":4}},"type":"if","locations":[{"start":{"line":265,"column":3},"end":{"line":269,"column":4}},{"start":{},"end":{}}],"line":265},"42":{"loc":{"start":{"line":267,"column":59},"end":{"line":267,"column":101}},"type":"binary-expr","locations":[{"start":{"line":267,"column":59},"end":{"line":267,"column":77}},{"start":{"line":267,"column":81},"end":{"line":267,"column":101}}],"line":267},"43":{"loc":{"start":{"line":279,"column":13},"end":{"line":279,"column":39}},"type":"binary-expr","locations":[{"start":{"line":279,"column":13},"end":{"line":279,"column":21}},{"start":{"line":279,"column":25},"end":{"line":279,"column":39}}],"line":279},"44":{"loc":{"start":{"line":280,"column":15},"end":{"line":280,"column":32}},"type":"binary-expr","locations":[{"start":{"line":280,"column":15},"end":{"line":280,"column":25}},{"start":{"line":280,"column":29},"end":{"line":280,"column":32}}],"line":280}},"s":{"0":1,"1":1,"2":1,"3":0,"4":0,"5":0,"6":0,"7":0,"8":0,"9":0,"10":0,"11":0,"12":0,"13":0,"14":0,"15":0,"16":0,"17":0,"18":0,"19":0,"20":0,"21":0,"22":0,"23":0,"24":0,"25":0,"26":0,"27":0,"28":0,"29":0,"30":0,"31":0,"32":0,"33":0,"34":0,"35":0,"36":0,"37":0,"38":1,"39":4,"40":4,"41":4,"42":4,"43":4,"44":4,"45":1,"46":1,"47":1,"48":1,"49":1,"50":3,"51":2,"52":1,"53":1,"54":1,"55":1,"56":1,"57":1,"58":1,"59":1,"60":1,"61":1,"62":1,"63":0,"64":0,"65":0,"66":0,"67":0,"68":0,"69":0,"70":0,"71":0,"72":0,"73":0,"74":0,"75":0,"76":0,"77":0,"78":0,"79":0,"80":0,"81":0,"82":0,"83":0,"84":0,"85":1,"86":0,"87":0,"88":0,"89":0,"90":0,"91":0,"92":0,"93":0,"94":0,"95":0,"96":0,"97":0,"98":0,"99":0,"100":0,"101":0,"102":0,"103":0,"104":1,"105":0,"106":0,"107":0,"108":0,"109":0,"110":0,"111":0,"112":0,"113":0,"114":0,"115":0,"116":0,"117":0,"118":0,"119":0,"120":0,"121":0,"122":0,"123":0,"124":0,"125":0,"126":1,"127":0,"128":0,"129":0,"130":0,"131":0,"132":0,"133":0,"134":0,"135":0,"136":0,"137":0,"138":0,"139":0,"140":0,"141":0,"142":0,"143":0,"144":0,"145":0,"146":0,"147":0,"148":0,"149":0,"150":0,"151":0,"152":0,"153":0,"154":0,"155":0},"f":{"0":0,"1":0,"2":0,"3":0,"4":4,"5":0,"6":0,"7":0,"8":0},"b":{"0":[0],"1":[0,0],"2":[0,0],"3":[0,0],"4":[0,0],"5":[0,0],"6":[0,0],"7":[0,0,0],"8":[0,0],"9":[0,0],"10":[0,0],"11":[0,0],"12":[0,0],"13":[0,0],"14":[0,0],"15":[1,3],"16":[4,4,4,4],"17":[1,1],"18":[1,1],"19":[1,1],"20":[0,0],"21":[0,0],"22":[0,0],"23":[0,0],"24":[0,0],"25":[0,0],"26":[0,0],"27":[0,0],"28":[0,0],"29":[0,0],"30":[0,0],"31":[0,0],"32":[0,0],"33":[0,0],"34":[0,0],"35":[0,0],"36":[0,0],"37":[0,0],"38":[0,0],"39":[0,0],"40":[0,0],"41":[0,0],"42":[0,0],"43":[0,0],"44":[0,0]},"_coverageSchema":"1a1c01bbd47fc00a2c39e90264f33305004495a9","hash":"c062c7e80200861cffdc73c553fa073e51948aca"}
,"C:\\Users\\Khoa\\Documents\\GitHub\\ProjectPeerEvaluation\\src\\backend\\controllers\\evaluationController.js": {"path":"C:\\Users\\Khoa\\Documents\\GitHub\\ProjectPeerEvaluation\\src\\backend\\controllers\\evaluationController.js","statementMap":{"0":{"start":{"line":1,"column":16},"end":{"line":1,"column":44}},"1":{"start":{"line":2,"column":15},"end":{"line":2,"column":42}},"2":{"start":{"line":3,"column":13},"end":{"line":3,"column":38}},"3":{"start":{"line":4,"column":19},"end":{"line":4,"column":50}},"4":{"start":{"line":5,"column":26},"end":{"line":5,"column":53}},"5":{"start":{"line":6,"column":61},"end":{"line":6,"column":91}},"6":{"start":{"line":11,"column":0},"end":{"line":89,"column":2}},"7":{"start":{"line":12,"column":2},"end":{"line":88,"column":3}},"8":{"start":{"line":13,"column":35},"end":{"line":13,"column":45}},"9":{"start":{"line":14,"column":41},"end":{"line":14,"column":49}},"10":{"start":{"line":17,"column":19},"end":{"line":17,"column":51}},"11":{"start":{"line":18,"column":4},"end":{"line":23,"column":5}},"12":{"start":{"line":19,"column":18},"end":{"line":19,"column":48}},"13":{"start":{"line":20,"column":6},"end":{"line":20,"column":29}},"14":{"start":{"line":21,"column":6},"end":{"line":21,"column":23}},"15":{"start":{"line":22,"column":6},"end":{"line":22,"column":23}},"16":{"start":{"line":26,"column":17},"end":{"line":26,"column":45}},"17":{"start":{"line":27,"column":4},"end":{"line":32,"column":5}},"18":{"start":{"line":28,"column":18},"end":{"line":28,"column":80}},"19":{"start":{"line":29,"column":6},"end":{"line":29,"column":29}},"20":{"start":{"line":30,"column":6},"end":{"line":30,"column":23}},"21":{"start":{"line":31,"column":6},"end":{"line":31,"column":23}},"22":{"start":{"line":35,"column":21},"end":{"line":35,"column":63}},"23":{"start":{"line":36,"column":4},"end":{"line":41,"column":5}},"24":{"start":{"line":37,"column":18},"end":{"line":37,"column":62}},"25":{"start":{"line":38,"column":6},"end":{"line":38,"column":29}},"26":{"start":{"line":39,"column":6},"end":{"line":39,"column":23}},"27":{"start":{"line":40,"column":6},"end":{"line":40,"column":23}},"28":{"start":{"line":43,"column":21},"end":{"line":43,"column":22}},"29":{"start":{"line":44,"column":23},"end":{"line":44,"column":25}},"30":{"start":{"line":46,"column":4},"end":{"line":46,"column":122}},"31":{"start":{"line":49,"column":4},"end":{"line":73,"column":5}},"32":{"start":{"line":50,"column":6},"end":{"line":72,"column":7}},"33":{"start":{"line":52,"column":8},"end":{"line":56,"column":9}},"34":{"start":{"line":53,"column":34},"end":{"line":53,"column":123}},"35":{"start":{"line":54,"column":10},"end":{"line":54,"column":94}},"36":{"start":{"line":55,"column":10},"end":{"line":55,"column":53}},"37":{"start":{"line":58,"column":23},"end":{"line":64,"column":9}},"38":{"start":{"line":65,"column":8},"end":{"line":69,"column":9}},"39":{"start":{"line":66,"column":10},"end":{"line":66,"column":23}},"40":{"start":{"line":68,"column":10},"end":{"line":68,"column":83}},"41":{"start":{"line":71,"column":8},"end":{"line":71,"column":82}},"42":{"start":{"line":75,"column":4},"end":{"line":81,"column":7}},"43":{"start":{"line":84,"column":4},"end":{"line":84,"column":58}},"44":{"start":{"line":85,"column":4},"end":{"line":85,"column":42}},"45":{"start":{"line":86,"column":4},"end":{"line":86,"column":35}},"46":{"start":{"line":87,"column":4},"end":{"line":87,"column":14}},"47":{"start":{"line":93,"column":0},"end":{"line":172,"column":2}},"48":{"start":{"line":94,"column":2},"end":{"line":171,"column":3}},"49":{"start":{"line":95,"column":26},"end":{"line":95,"column":36}},"50":{"start":{"line":96,"column":41},"end":{"line":96,"column":49}},"51":{"start":{"line":99,"column":19},"end":{"line":99,"column":51}},"52":{"start":{"line":100,"column":4},"end":{"line":105,"column":5}},"53":{"start":{"line":101,"column":18},"end":{"line":101,"column":48}},"54":{"start":{"line":102,"column":6},"end":{"line":102,"column":29}},"55":{"start":{"line":103,"column":6},"end":{"line":103,"column":23}},"56":{"start":{"line":104,"column":6},"end":{"line":104,"column":23}},"57":{"start":{"line":108,"column":21},"end":{"line":108,"column":74}},"58":{"start":{"line":110,"column":4},"end":{"line":115,"column":5}},"59":{"start":{"line":111,"column":18},"end":{"line":111,"column":64}},"60":{"start":{"line":112,"column":6},"end":{"line":112,"column":29}},"61":{"start":{"line":113,"column":6},"end":{"line":113,"column":23}},"62":{"start":{"line":114,"column":6},"end":{"line":114,"column":23}},"63":{"start":{"line":117,"column":21},"end":{"line":117,"column":22}},"64":{"start":{"line":118,"column":23},"end":{"line":118,"column":25}},"65":{"start":{"line":120,"column":4},"end":{"line":120,"column":103}},"66":{"start":{"line":123,"column":4},"end":{"line":154,"column":5}},"67":{"start":{"line":124,"column":6},"end":{"line":153,"column":7}},"68":{"start":{"line":125,"column":8},"end":{"line":125,"column":78}},"69":{"start":{"line":128,"column":8},"end":{"line":133,"column":9}},"70":{"start":{"line":129,"column":10},"end":{"line":129,"column":71}},"71":{"start":{"line":130,"column":34},"end":{"line":130,"column":123}},"72":{"start":{"line":131,"column":10},"end":{"line":131,"column":94}},"73":{"start":{"line":132,"column":10},"end":{"line":132,"column":53}},"74":{"start":{"line":135,"column":8},"end":{"line":135,"column":58}},"75":{"start":{"line":136,"column":23},"end":{"line":142,"column":9}},"76":{"start":{"line":144,"column":8},"end":{"line":144,"column":115}},"77":{"start":{"line":146,"column":8},"end":{"line":150,"column":9}},"78":{"start":{"line":147,"column":10},"end":{"line":147,"column":23}},"79":{"start":{"line":149,"column":10},"end":{"line":149,"column":83}},"80":{"start":{"line":152,"column":8},"end":{"line":152,"column":82}},"81":{"start":{"line":156,"column":4},"end":{"line":156,"column":120}},"82":{"start":{"line":158,"column":4},"end":{"line":164,"column":7}},"83":{"start":{"line":167,"column":4},"end":{"line":167,"column":53}},"84":{"start":{"line":168,"column":4},"end":{"line":168,"column":42}},"85":{"start":{"line":169,"column":4},"end":{"line":169,"column":35}},"86":{"start":{"line":170,"column":4},"end":{"line":170,"column":14}},"87":{"start":{"line":177,"column":0},"end":{"line":260,"column":2}},"88":{"start":{"line":178,"column":2},"end":{"line":259,"column":3}},"89":{"start":{"line":179,"column":26},"end":{"line":179,"column":36}},"90":{"start":{"line":182,"column":21},"end":{"line":182,"column":54}},"91":{"start":{"line":183,"column":18},"end":{"line":183,"column":33}},"92":{"start":{"line":187,"column":34},"end":{"line":187,"column":95}},"93":{"start":{"line":187,"column":76},"end":{"line":187,"column":94}},"94":{"start":{"line":190,"column":4},"end":{"line":199,"column":5}},"95":{"start":{"line":191,"column":6},"end":{"line":198,"column":9}},"96":{"start":{"line":202,"column":4},"end":{"line":211,"column":5}},"97":{"start":{"line":203,"column":6},"end":{"line":210,"column":9}},"98":{"start":{"line":214,"column":33},"end":{"line":214,"column":94}},"99":{"start":{"line":215,"column":22},"end":{"line":215,"column":49}},"100":{"start":{"line":216,"column":20},"end":{"line":216,"column":37}},"101":{"start":{"line":219,"column":26},"end":{"line":243,"column":7}},"102":{"start":{"line":221,"column":27},"end":{"line":221,"column":49}},"103":{"start":{"line":222,"column":27},"end":{"line":222,"column":98}},"104":{"start":{"line":222,"column":63},"end":{"line":222,"column":97}},"105":{"start":{"line":225,"column":25},"end":{"line":225,"column":29}},"106":{"start":{"line":226,"column":6},"end":{"line":232,"column":7}},"107":{"start":{"line":227,"column":27},"end":{"line":230,"column":37}},"108":{"start":{"line":231,"column":8},"end":{"line":231,"column":67}},"109":{"start":{"line":234,"column":6},"end":{"line":242,"column":8}},"110":{"start":{"line":245,"column":4},"end":{"line":252,"column":7}},"111":{"start":{"line":255,"column":4},"end":{"line":255,"column":59}},"112":{"start":{"line":256,"column":4},"end":{"line":256,"column":42}},"113":{"start":{"line":257,"column":4},"end":{"line":257,"column":35}},"114":{"start":{"line":258,"column":4},"end":{"line":258,"column":14}},"115":{"start":{"line":265,"column":0},"end":{"line":341,"column":2}},"116":{"start":{"line":266,"column":2},"end":{"line":340,"column":3}},"117":{"start":{"line":267,"column":26},"end":{"line":267,"column":36}},"118":{"start":{"line":268,"column":28},"end":{"line":268,"column":36}},"119":{"start":{"line":271,"column":19},"end":{"line":271,"column":51}},"120":{"start":{"line":272,"column":4},"end":{"line":277,"column":5}},"121":{"start":{"line":273,"column":18},"end":{"line":273,"column":48}},"122":{"start":{"line":274,"column":6},"end":{"line":274,"column":29}},"123":{"start":{"line":275,"column":6},"end":{"line":275,"column":23}},"124":{"start":{"line":276,"column":6},"end":{"line":276,"column":23}},"125":{"start":{"line":280,"column":33},"end":{"line":280,"column":94}},"126":{"start":{"line":283,"column":4},"end":{"line":296,"column":5}},"127":{"start":{"line":285,"column":6},"end":{"line":289,"column":9}},"128":{"start":{"line":292,"column":6},"end":{"line":295,"column":9}},"129":{"start":{"line":298,"column":4},"end":{"line":303,"column":5}},"130":{"start":{"line":299,"column":6},"end":{"line":302,"column":9}},"131":{"start":{"line":305,"column":24},"end":{"line":305,"column":25}},"132":{"start":{"line":306,"column":26},"end":{"line":306,"column":28}},"133":{"start":{"line":309,"column":4},"end":{"line":326,"column":5}},"134":{"start":{"line":310,"column":6},"end":{"line":325,"column":7}},"135":{"start":{"line":311,"column":23},"end":{"line":316,"column":9}},"136":{"start":{"line":318,"column":8},"end":{"line":322,"column":9}},"137":{"start":{"line":319,"column":10},"end":{"line":319,"column":26}},"138":{"start":{"line":321,"column":10},"end":{"line":321,"column":86}},"139":{"start":{"line":324,"column":8},"end":{"line":324,"column":85}},"140":{"start":{"line":328,"column":4},"end":{"line":333,"column":7}},"141":{"start":{"line":336,"column":4},"end":{"line":336,"column":51}},"142":{"start":{"line":337,"column":4},"end":{"line":337,"column":42}},"143":{"start":{"line":338,"column":4},"end":{"line":338,"column":35}},"144":{"start":{"line":339,"column":4},"end":{"line":339,"column":14}},"145":{"start":{"line":346,"column":0},"end":{"line":415,"column":2}},"146":{"start":{"line":347,"column":2},"end":{"line":414,"column":3}},"147":{"start":{"line":348,"column":22},"end":{"line":348,"column":32}},"148":{"start":{"line":351,"column":20},"end":{"line":351,"column":112}},"149":{"start":{"line":353,"column":4},"end":{"line":358,"column":5}},"150":{"start":{"line":354,"column":18},"end":{"line":354,"column":92}},"151":{"start":{"line":355,"column":6},"end":{"line":355,"column":40}},"152":{"start":{"line":356,"column":6},"end":{"line":356,"column":23}},"153":{"start":{"line":357,"column":6},"end":{"line":357,"column":23}},"154":{"start":{"line":361,"column":31},"end":{"line":364,"column":6}},"155":{"start":{"line":366,"column":4},"end":{"line":372,"column":5}},"156":{"start":{"line":367,"column":6},"end":{"line":371,"column":9}},"157":{"start":{"line":375,"column":20},"end":{"line":375,"column":22}},"158":{"start":{"line":376,"column":4},"end":{"line":387,"column":5}},"159":{"start":{"line":377,"column":6},"end":{"line":380,"column":39}},"160":{"start":{"line":383,"column":6},"end":{"line":386,"column":39}},"161":{"start":{"line":390,"column":27},"end":{"line":405,"column":5}},"162":{"start":{"line":407,"column":4},"end":{"line":407,"column":41}},"163":{"start":{"line":410,"column":4},"end":{"line":410,"column":57}},"164":{"start":{"line":411,"column":4},"end":{"line":411,"column":42}},"165":{"start":{"line":412,"column":4},"end":{"line":412,"column":35}},"166":{"start":{"line":413,"column":4},"end":{"line":413,"column":14}},"167":{"start":{"line":420,"column":0},"end":{"line":514,"column":2}},"168":{"start":{"line":421,"column":2},"end":{"line":513,"column":3}},"169":{"start":{"line":422,"column":22},"end":{"line":422,"column":32}},"170":{"start":{"line":423,"column":28},"end":{"line":423,"column":36}},"171":{"start":{"line":426,"column":20},"end":{"line":426,"column":92}},"172":{"start":{"line":428,"column":4},"end":{"line":433,"column":5}},"173":{"start":{"line":429,"column":18},"end":{"line":429,"column":92}},"174":{"start":{"line":430,"column":6},"end":{"line":430,"column":40}},"175":{"start":{"line":431,"column":6},"end":{"line":431,"column":23}},"176":{"start":{"line":432,"column":6},"end":{"line":432,"column":23}},"177":{"start":{"line":436,"column":31},"end":{"line":439,"column":6}},"178":{"start":{"line":441,"column":4},"end":{"line":446,"column":5}},"179":{"start":{"line":442,"column":18},"end":{"line":442,"column":60}},"180":{"start":{"line":443,"column":6},"end":{"line":443,"column":37}},"181":{"start":{"line":444,"column":6},"end":{"line":444,"column":23}},"182":{"start":{"line":445,"column":6},"end":{"line":445,"column":23}},"183":{"start":{"line":449,"column":4},"end":{"line":454,"column":5}},"184":{"start":{"line":450,"column":18},"end":{"line":450,"column":61}},"185":{"start":{"line":451,"column":6},"end":{"line":451,"column":36}},"186":{"start":{"line":452,"column":6},"end":{"line":452,"column":23}},"187":{"start":{"line":453,"column":6},"end":{"line":453,"column":23}},"188":{"start":{"line":457,"column":29},"end":{"line":457,"column":31}},"189":{"start":{"line":458,"column":4},"end":{"line":497,"column":5}},"190":{"start":{"line":460,"column":30},"end":{"line":460,"column":149}},"191":{"start":{"line":462,"column":6},"end":{"line":469,"column":7}},"192":{"start":{"line":463,"column":8},"end":{"line":468,"column":9}},"193":{"start":{"line":464,"column":22},"end":{"line":464,"column":64}},"194":{"start":{"line":465,"column":10},"end":{"line":465,"column":40}},"195":{"start":{"line":466,"column":10},"end":{"line":466,"column":27}},"196":{"start":{"line":467,"column":10},"end":{"line":467,"column":27}},"197":{"start":{"line":471,"column":6},"end":{"line":476,"column":7}},"198":{"start":{"line":472,"column":20},"end":{"line":472,"column":86}},"199":{"start":{"line":473,"column":8},"end":{"line":473,"column":38}},"200":{"start":{"line":474,"column":8},"end":{"line":474,"column":25}},"201":{"start":{"line":475,"column":8},"end":{"line":475,"column":25}},"202":{"start":{"line":479,"column":25},"end":{"line":493,"column":8}},"203":{"start":{"line":495,"column":6},"end":{"line":495,"column":30}},"204":{"start":{"line":496,"column":6},"end":{"line":496,"column":40}},"205":{"start":{"line":500,"column":4},"end":{"line":500,"column":81}},"206":{"start":{"line":502,"column":4},"end":{"line":506,"column":7}},"207":{"start":{"line":509,"column":4},"end":{"line":509,"column":55}},"208":{"start":{"line":510,"column":4},"end":{"line":510,"column":42}},"209":{"start":{"line":511,"column":4},"end":{"line":511,"column":35}},"210":{"start":{"line":512,"column":4},"end":{"line":512,"column":14}},"211":{"start":{"line":519,"column":0},"end":{"line":552,"column":2}},"212":{"start":{"line":520,"column":2},"end":{"line":551,"column":3}},"213":{"start":{"line":521,"column":22},"end":{"line":521,"column":32}},"214":{"start":{"line":524,"column":20},"end":{"line":524,"column":92}},"215":{"start":{"line":526,"column":4},"end":{"line":531,"column":5}},"216":{"start":{"line":527,"column":18},"end":{"line":527,"column":56}},"217":{"start":{"line":528,"column":6},"end":{"line":528,"column":33}},"218":{"start":{"line":529,"column":6},"end":{"line":529,"column":23}},"219":{"start":{"line":530,"column":6},"end":{"line":530,"column":23}},"220":{"start":{"line":534,"column":22},"end":{"line":537,"column":6}},"221":{"start":{"line":539,"column":4},"end":{"line":544,"column":7}},"222":{"start":{"line":547,"column":4},"end":{"line":547,"column":55}},"223":{"start":{"line":548,"column":4},"end":{"line":548,"column":42}},"224":{"start":{"line":549,"column":4},"end":{"line":549,"column":35}},"225":{"start":{"line":550,"column":4},"end":{"line":550,"column":14}}},"fnMap":{"0":{"name":"(anonymous_0)","decl":{"start":{"line":11,"column":30},"end":{"line":11,"column":31}},"loc":{"start":{"line":11,"column":56},"end":{"line":89,"column":1}},"line":11},"1":{"name":"(anonymous_1)","decl":{"start":{"line":93,"column":26},"end":{"line":93,"column":27}},"loc":{"start":{"line":93,"column":52},"end":{"line":172,"column":1}},"line":93},"2":{"name":"(anonymous_2)","decl":{"start":{"line":177,"column":27},"end":{"line":177,"column":28}},"loc":{"start":{"line":177,"column":53},"end":{"line":260,"column":1}},"line":177},"3":{"name":"(anonymous_3)","decl":{"start":{"line":187,"column":71},"end":{"line":187,"column":72}},"loc":{"start":{"line":187,"column":76},"end":{"line":187,"column":94}},"line":187},"4":{"name":"(anonymous_4)","decl":{"start":{"line":219,"column":57},"end":{"line":219,"column":58}},"loc":{"start":{"line":219,"column":76},"end":{"line":243,"column":5}},"line":219},"5":{"name":"(anonymous_5)","decl":{"start":{"line":222,"column":53},"end":{"line":222,"column":54}},"loc":{"start":{"line":222,"column":63},"end":{"line":222,"column":97}},"line":222},"6":{"name":"(anonymous_6)","decl":{"start":{"line":265,"column":28},"end":{"line":265,"column":29}},"loc":{"start":{"line":265,"column":54},"end":{"line":341,"column":1}},"line":265},"7":{"name":"(anonymous_7)","decl":{"start":{"line":346,"column":28},"end":{"line":346,"column":29}},"loc":{"start":{"line":346,"column":54},"end":{"line":415,"column":1}},"line":346},"8":{"name":"(anonymous_8)","decl":{"start":{"line":420,"column":27},"end":{"line":420,"column":28}},"loc":{"start":{"line":420,"column":53},"end":{"line":514,"column":1}},"line":420},"9":{"name":"(anonymous_9)","decl":{"start":{"line":519,"column":32},"end":{"line":519,"column":33}},"loc":{"start":{"line":519,"column":58},"end":{"line":552,"column":1}},"line":519}},"branchMap":{"0":{"loc":{"start":{"line":18,"column":4},"end":{"line":23,"column":5}},"type":"if","locations":[{"start":{"line":18,"column":4},"end":{"line":23,"column":5}},{"start":{},"end":{}}],"line":18},"1":{"loc":{"start":{"line":27,"column":4},"end":{"line":32,"column":5}},"type":"if","locations":[{"start":{"line":27,"column":4},"end":{"line":32,"column":5}},{"start":{},"end":{}}],"line":27},"2":{"loc":{"start":{"line":27,"column":8},"end":{"line":27,"column":61}},"type":"binary-expr","locations":[{"start":{"line":27,"column":8},"end":{"line":27,"column":13}},{"start":{"line":27,"column":17},"end":{"line":27,"column":61}}],"line":27},"3":{"loc":{"start":{"line":36,"column":4},"end":{"line":41,"column":5}},"type":"if","locations":[{"start":{"line":36,"column":4},"end":{"line":41,"column":5}},{"start":{},"end":{}}],"line":36},"4":{"loc":{"start":{"line":52,"column":8},"end":{"line":56,"column":9}},"type":"if","locations":[{"start":{"line":52,"column":8},"end":{"line":56,"column":9}},{"start":{},"end":{}}],"line":52},"5":{"loc":{"start":{"line":62,"column":10},"end":{"line":62,"column":61}},"type":"binary-expr","locations":[{"start":{"line":62,"column":10},"end":{"line":62,"column":34}},{"start":{"line":62,"column":38},"end":{"line":62,"column":61}}],"line":62},"6":{"loc":{"start":{"line":65,"column":8},"end":{"line":69,"column":9}},"type":"if","locations":[{"start":{"line":65,"column":8},"end":{"line":69,"column":9}},{"start":{"line":67,"column":15},"end":{"line":69,"column":9}}],"line":65},"7":{"loc":{"start":{"line":85,"column":15},"end":{"line":85,"column":41}},"type":"binary-expr","locations":[{"start":{"line":85,"column":15},"end":{"line":85,"column":23}},{"start":{"line":85,"column":27},"end":{"line":85,"column":41}}],"line":85},"8":{"loc":{"start":{"line":86,"column":17},"end":{"line":86,"column":34}},"type":"binary-expr","locations":[{"start":{"line":86,"column":17},"end":{"line":86,"column":27}},{"start":{"line":86,"column":31},"end":{"line":86,"column":34}}],"line":86},"9":{"loc":{"start":{"line":100,"column":4},"end":{"line":105,"column":5}},"type":"if","locations":[{"start":{"line":100,"column":4},"end":{"line":105,"column":5}},{"start":{},"end":{}}],"line":100},"10":{"loc":{"start":{"line":110,"column":4},"end":{"line":115,"column":5}},"type":"if","locations":[{"start":{"line":110,"column":4},"end":{"line":115,"column":5}},{"start":{},"end":{}}],"line":110},"11":{"loc":{"start":{"line":128,"column":8},"end":{"line":133,"column":9}},"type":"if","locations":[{"start":{"line":128,"column":8},"end":{"line":133,"column":9}},{"start":{},"end":{}}],"line":128},"12":{"loc":{"start":{"line":140,"column":10},"end":{"line":140,"column":61}},"type":"binary-expr","locations":[{"start":{"line":140,"column":10},"end":{"line":140,"column":34}},{"start":{"line":140,"column":38},"end":{"line":140,"column":61}}],"line":140},"13":{"loc":{"start":{"line":144,"column":58},"end":{"line":144,"column":113}},"type":"cond-expr","locations":[{"start":{"line":144,"column":75},"end":{"line":144,"column":84}},{"start":{"line":144,"column":87},"end":{"line":144,"column":113}}],"line":144},"14":{"loc":{"start":{"line":146,"column":8},"end":{"line":150,"column":9}},"type":"if","locations":[{"start":{"line":146,"column":8},"end":{"line":150,"column":9}},{"start":{"line":148,"column":15},"end":{"line":150,"column":9}}],"line":146},"15":{"loc":{"start":{"line":168,"column":15},"end":{"line":168,"column":41}},"type":"binary-expr","locations":[{"start":{"line":168,"column":15},"end":{"line":168,"column":23}},{"start":{"line":168,"column":27},"end":{"line":168,"column":41}}],"line":168},"16":{"loc":{"start":{"line":169,"column":17},"end":{"line":169,"column":34}},"type":"binary-expr","locations":[{"start":{"line":169,"column":17},"end":{"line":169,"column":27}},{"start":{"line":169,"column":31},"end":{"line":169,"column":34}}],"line":169},"17":{"loc":{"start":{"line":187,"column":34},"end":{"line":187,"column":95}},"type":"binary-expr","locations":[{"start":{"line":187,"column":34},"end":{"line":187,"column":53}},{"start":{"line":187,"column":57},"end":{"line":187,"column":95}}],"line":187},"18":{"loc":{"start":{"line":190,"column":4},"end":{"line":199,"column":5}},"type":"if","locations":[{"start":{"line":190,"column":4},"end":{"line":199,"column":5}},{"start":{},"end":{}}],"line":190},"19":{"loc":{"start":{"line":202,"column":4},"end":{"line":211,"column":5}},"type":"if","locations":[{"start":{"line":202,"column":4},"end":{"line":211,"column":5}},{"start":{},"end":{}}],"line":202},"20":{"loc":{"start":{"line":226,"column":6},"end":{"line":232,"column":7}},"type":"if","locations":[{"start":{"line":226,"column":6},"end":{"line":232,"column":7}},{"start":{},"end":{}}],"line":226},"21":{"loc":{"start":{"line":231,"column":23},"end":{"line":231,"column":66}},"type":"cond-expr","locations":[{"start":{"line":231,"column":36},"end":{"line":231,"column":59}},{"start":{"line":231,"column":62},"end":{"line":231,"column":66}}],"line":231},"22":{"loc":{"start":{"line":235,"column":20},"end":{"line":235,"column":64}},"type":"binary-expr","locations":[{"start":{"line":235,"column":20},"end":{"line":235,"column":38}},{"start":{"line":235,"column":42},"end":{"line":235,"column":64}}],"line":235},"23":{"loc":{"start":{"line":236,"column":14},"end":{"line":236,"column":47}},"type":"binary-expr","locations":[{"start":{"line":236,"column":14},"end":{"line":236,"column":26}},{"start":{"line":236,"column":30},"end":{"line":236,"column":47}}],"line":236},"24":{"loc":{"start":{"line":237,"column":15},"end":{"line":237,"column":42}},"type":"binary-expr","locations":[{"start":{"line":237,"column":15},"end":{"line":237,"column":28}},{"start":{"line":237,"column":32},"end":{"line":237,"column":42}}],"line":237},"25":{"loc":{"start":{"line":238,"column":14},"end":{"line":238,"column":51}},"type":"binary-expr","locations":[{"start":{"line":238,"column":14},"end":{"line":238,"column":38}},{"start":{"line":238,"column":42},"end":{"line":238,"column":51}}],"line":238},"26":{"loc":{"start":{"line":249,"column":23},"end":{"line":249,"column":76}},"type":"cond-expr","locations":[{"start":{"line":249,"column":35},"end":{"line":249,"column":72}},{"start":{"line":249,"column":75},"end":{"line":249,"column":76}}],"line":249},"27":{"loc":{"start":{"line":256,"column":15},"end":{"line":256,"column":41}},"type":"binary-expr","locations":[{"start":{"line":256,"column":15},"end":{"line":256,"column":23}},{"start":{"line":256,"column":27},"end":{"line":256,"column":41}}],"line":256},"28":{"loc":{"start":{"line":257,"column":17},"end":{"line":257,"column":34}},"type":"binary-expr","locations":[{"start":{"line":257,"column":17},"end":{"line":257,"column":27}},{"start":{"line":257,"column":31},"end":{"line":257,"column":34}}],"line":257},"29":{"loc":{"start":{"line":272,"column":4},"end":{"line":277,"column":5}},"type":"if","locations":[{"start":{"line":272,"column":4},"end":{"line":277,"column":5}},{"start":{},"end":{}}],"line":272},"30":{"loc":{"start":{"line":283,"column":4},"end":{"line":296,"column":5}},"type":"if","locations":[{"start":{"line":283,"column":4},"end":{"line":296,"column":5}},{"start":{"line":290,"column":11},"end":{"line":296,"column":5}}],"line":283},"31":{"loc":{"start":{"line":283,"column":8},"end":{"line":283,"column":45}},"type":"binary-expr","locations":[{"start":{"line":283,"column":8},"end":{"line":283,"column":19}},{"start":{"line":283,"column":23},"end":{"line":283,"column":45}}],"line":283},"32":{"loc":{"start":{"line":298,"column":4},"end":{"line":303,"column":5}},"type":"if","locations":[{"start":{"line":298,"column":4},"end":{"line":303,"column":5}},{"start":{},"end":{}}],"line":298},"33":{"loc":{"start":{"line":315,"column":10},"end":{"line":315,"column":61}},"type":"binary-expr","locations":[{"start":{"line":315,"column":10},"end":{"line":315,"column":34}},{"start":{"line":315,"column":38},"end":{"line":315,"column":61}}],"line":315},"34":{"loc":{"start":{"line":318,"column":8},"end":{"line":322,"column":9}},"type":"if","locations":[{"start":{"line":318,"column":8},"end":{"line":322,"column":9}},{"start":{"line":320,"column":15},"end":{"line":322,"column":9}}],"line":318},"35":{"loc":{"start":{"line":337,"column":15},"end":{"line":337,"column":41}},"type":"binary-expr","locations":[{"start":{"line":337,"column":15},"end":{"line":337,"column":23}},{"start":{"line":337,"column":27},"end":{"line":337,"column":41}}],"line":337},"36":{"loc":{"start":{"line":338,"column":17},"end":{"line":338,"column":34}},"type":"binary-expr","locations":[{"start":{"line":338,"column":17},"end":{"line":338,"column":27}},{"start":{"line":338,"column":31},"end":{"line":338,"column":34}}],"line":338},"37":{"loc":{"start":{"line":353,"column":4},"end":{"line":358,"column":5}},"type":"if","locations":[{"start":{"line":353,"column":4},"end":{"line":358,"column":5}},{"start":{},"end":{}}],"line":353},"38":{"loc":{"start":{"line":366,"column":4},"end":{"line":372,"column":5}},"type":"if","locations":[{"start":{"line":366,"column":4},"end":{"line":372,"column":5}},{"start":{},"end":{}}],"line":366},"39":{"loc":{"start":{"line":376,"column":4},"end":{"line":387,"column":5}},"type":"if","locations":[{"start":{"line":376,"column":4},"end":{"line":387,"column":5}},{"start":{"line":381,"column":11},"end":{"line":387,"column":5}}],"line":376},"40":{"loc":{"start":{"line":394,"column":14},"end":{"line":394,"column":69}},"type":"cond-expr","locations":[{"start":{"line":394,"column":32},"end":{"line":394,"column":57}},{"start":{"line":394,"column":60},"end":{"line":394,"column":69}}],"line":394},"41":{"loc":{"start":{"line":411,"column":15},"end":{"line":411,"column":41}},"type":"binary-expr","locations":[{"start":{"line":411,"column":15},"end":{"line":411,"column":23}},{"start":{"line":411,"column":27},"end":{"line":411,"column":41}}],"line":411},"42":{"loc":{"start":{"line":412,"column":17},"end":{"line":412,"column":34}},"type":"binary-expr","locations":[{"start":{"line":412,"column":17},"end":{"line":412,"column":27}},{"start":{"line":412,"column":31},"end":{"line":412,"column":34}}],"line":412},"43":{"loc":{"start":{"line":428,"column":4},"end":{"line":433,"column":5}},"type":"if","locations":[{"start":{"line":428,"column":4},"end":{"line":433,"column":5}},{"start":{},"end":{}}],"line":428},"44":{"loc":{"start":{"line":441,"column":4},"end":{"line":446,"column":5}},"type":"if","locations":[{"start":{"line":441,"column":4},"end":{"line":446,"column":5}},{"start":{},"end":{}}],"line":441},"45":{"loc":{"start":{"line":449,"column":4},"end":{"line":454,"column":5}},"type":"if","locations":[{"start":{"line":449,"column":4},"end":{"line":454,"column":5}},{"start":{},"end":{}}],"line":449},"46":{"loc":{"start":{"line":449,"column":8},"end":{"line":449,"column":79}},"type":"binary-expr","locations":[{"start":{"line":449,"column":8},"end":{"line":449,"column":20}},{"start":{"line":449,"column":24},"end":{"line":449,"column":51}},{"start":{"line":449,"column":55},"end":{"line":449,"column":79}}],"line":449},"47":{"loc":{"start":{"line":463,"column":8},"end":{"line":468,"column":9}},"type":"if","locations":[{"start":{"line":463,"column":8},"end":{"line":468,"column":9}},{"start":{},"end":{}}],"line":463},"48":{"loc":{"start":{"line":463,"column":12},"end":{"line":463,"column":71}},"type":"binary-expr","locations":[{"start":{"line":463,"column":12},"end":{"line":463,"column":29}},{"start":{"line":463,"column":33},"end":{"line":463,"column":71}}],"line":463},"49":{"loc":{"start":{"line":471,"column":6},"end":{"line":476,"column":7}},"type":"if","locations":[{"start":{"line":471,"column":6},"end":{"line":476,"column":7}},{"start":{},"end":{}}],"line":471},"50":{"loc":{"start":{"line":471,"column":10},"end":{"line":471,"column":84}},"type":"binary-expr","locations":[{"start":{"line":471,"column":10},"end":{"line":471,"column":36}},{"start":{"line":471,"column":40},"end":{"line":471,"column":84}}],"line":471},"51":{"loc":{"start":{"line":510,"column":15},"end":{"line":510,"column":41}},"type":"binary-expr","locations":[{"start":{"line":510,"column":15},"end":{"line":510,"column":23}},{"start":{"line":510,"column":27},"end":{"line":510,"column":41}}],"line":510},"52":{"loc":{"start":{"line":511,"column":17},"end":{"line":511,"column":34}},"type":"binary-expr","locations":[{"start":{"line":511,"column":17},"end":{"line":511,"column":27}},{"start":{"line":511,"column":31},"end":{"line":511,"column":34}}],"line":511},"53":{"loc":{"start":{"line":526,"column":4},"end":{"line":531,"column":5}},"type":"if","locations":[{"start":{"line":526,"column":4},"end":{"line":531,"column":5}},{"start":{},"end":{}}],"line":526},"54":{"loc":{"start":{"line":548,"column":15},"end":{"line":548,"column":41}},"type":"binary-expr","locations":[{"start":{"line":548,"column":15},"end":{"line":548,"column":23}},{"start":{"line":548,"column":27},"end":{"line":548,"column":41}}],"line":548},"55":{"loc":{"start":{"line":549,"column":17},"end":{"line":549,"column":34}},"type":"binary-expr","locations":[{"start":{"line":549,"column":17},"end":{"line":549,"column":27}},{"start":{"line":549,"column":31},"end":{"line":549,"column":34}}],"line":549}},"s":{"0":1,"1":1,"2":1,"3":1,"4":1,"5":1,"6":1,"7":0,"8":0,"9":0,"10":0,"11":0,"12":0,"13":0,"14":0,"15":0,"16":0,"17":0,"18":0,"19":0,"20":0,"21":0,"22":0,"23":0,"24":0,"25":0,"26":0,"27":0,"28":0,"29":0,"30":0,"31":0,"32":0,"33":0,"34":0,"35":0,"36":0,"37":0,"38":0,"39":0,"40":0,"41":0,"42":0,"43":0,"44":0,"45":0,"46":0,"47":1,"48":0,"49":0,"50":0,"51":0,"52":0,"53":0,"54":0,"55":0,"56":0,"57":0,"58":0,"59":0,"60":0,"61":0,"62":0,"63":0,"64":0,"65":0,"66":0,"67":0,"68":0,"69":0,"70":0,"71":0,"72":0,"73":0,"74":0,"75":0,"76":0,"77":0,"78":0,"79":0,"80":0,"81":0,"82":0,"83":0,"84":0,"85":0,"86":0,"87":1,"88":0,"89":0,"90":0,"91":0,"92":0,"93":0,"94":0,"95":0,"96":0,"97":0,"98":0,"99":0,"100":0,"101":0,"102":0,"103":0,"104":0,"105":0,"106":0,"107":0,"108":0,"109":0,"110":0,"111":0,"112":0,"113":0,"114":0,"115":1,"116":0,"117":0,"118":0,"119":0,"120":0,"121":0,"122":0,"123":0,"124":0,"125":0,"126":0,"127":0,"128":0,"129":0,"130":0,"131":0,"132":0,"133":0,"134":0,"135":0,"136":0,"137":0,"138":0,"139":0,"140":0,"141":0,"142":0,"143":0,"144":0,"145":1,"146":0,"147":0,"148":0,"149":0,"150":0,"151":0,"152":0,"153":0,"154":0,"155":0,"156":0,"157":0,"158":0,"159":0,"160":0,"161":0,"162":0,"163":0,"164":0,"165":0,"166":0,"167":1,"168":6,"169":6,"170":6,"171":6,"172":6,"173":1,"174":1,"175":1,"176":1,"177":5,"178":5,"179":1,"180":1,"181":1,"182":1,"183":4,"184":1,"185":1,"186":1,"187":1,"188":3,"189":3,"190":4,"191":4,"192":24,"193":1,"194":1,"195":1,"196":1,"197":3,"198":1,"199":1,"200":1,"201":1,"202":2,"203":2,"204":2,"205":1,"206":1,"207":0,"208":0,"209":0,"210":0,"211":1,"212":0,"213":0,"214":0,"215":0,"216":0,"217":0,"218":0,"219":0,"220":0,"221":0,"222":0,"223":0,"224":0,"225":0},"f":{"0":0,"1":0,"2":0,"3":0,"4":0,"5":0,"6":0,"7":0,"8":6,"9":0},"b":{"0":[0,0],"1":[0,0],"2":[0,0],"3":[0,0],"4":[0,0],"5":[0,0],"6":[0,0],"7":[0,0],"8":[0,0],"9":[0,0],"10":[0,0],"11":[0,0],"12":[0,0],"13":[0,0],"14":[0,0],"15":[0,0],"16":[0,0],"17":[0,0],"18":[0,0],"19":[0,0],"20":[0,0],"21":[0,0],"22":[0,0],"23":[0,0],"24":[0,0],"25":[0,0],"26":[0,0],"27":[0,0],"28":[0,0],"29":[0,0],"30":[0,0],"31":[0,0],"32":[0,0],"33":[0,0],"34":[0,0],"35":[0,0],"36":[0,0],"37":[0,0],"38":[0,0],"39":[0,0],"40":[0,0],"41":[0,0],"42":[0,0],"43":[1,5],"44":[1,4],"45":[1,3],"46":[4,4,4],"47":[1,23],"48":[24,24],"49":[1,2],"50":[3,3],"51":[0,0],"52":[0,0],"53":[0,0],"54":[0,0],"55":[0,0]},"_coverageSchema":"1a1c01bbd47fc00a2c39e90264f33305004495a9","hash":"c742d0e6aec2b67237a5bbc50a7408991246a29a"}
,"C:\\Users\\Khoa\\Documents\\GitHub\\ProjectPeerEvaluation\\src\\backend\\middleware\\auth.js": {"path":"C:\\Users\\Khoa\\Documents\\GitHub\\ProjectPeerEvaluation\\src\\backend\\middleware\\auth.js","statementMap":{"0":{"start":{"line":2,"column":12},"end":{"line":2,"column":35}},"1":{"start":{"line":5,"column":21},"end":{"line":5,"column":49}},"2":{"start":{"line":6,"column":16},"end":{"line":6,"column":54}},"3":{"start":{"line":7,"column":2},"end":{"line":12,"column":3}},"4":{"start":{"line":8,"column":16},"end":{"line":8,"column":47}},"5":{"start":{"line":9,"column":4},"end":{"line":9,"column":30}},"6":{"start":{"line":10,"column":4},"end":{"line":10,"column":21}},"7":{"start":{"line":11,"column":4},"end":{"line":11,"column":21}},"8":{"start":{"line":13,"column":2},"end":{"line":22,"column":5}},"9":{"start":{"line":14,"column":4},"end":{"line":19,"column":5}},"10":{"start":{"line":15,"column":20},"end":{"line":15,"column":58}},"11":{"start":{"line":16,"column":6},"end":{"line":16,"column":34}},"12":{"start":{"line":17,"column":6},"end":{"line":17,"column":25}},"13":{"start":{"line":18,"column":6},"end":{"line":18,"column":25}},"14":{"start":{"line":20,"column":4},"end":{"line":20,"column":20}},"15":{"start":{"line":21,"column":4},"end":{"line":21,"column":11}},"16":{"start":{"line":25,"column":0},"end":{"line":25,"column":39}}},"fnMap":{"0":{"name":"authenticateToken","decl":{"start":{"line":4,"column":9},"end":{"line":4,"column":26}},"loc":{"start":{"line":4,"column":43},"end":{"line":23,"column":1}},"line":4},"1":{"name":"(anonymous_1)","decl":{"start":{"line":13,"column":64},"end":{"line":13,"column":65}},"loc":{"start":{"line":13,"column":79},"end":{"line":22,"column":3}},"line":13}},"branchMap":{"0":{"loc":{"start":{"line":6,"column":16},"end":{"line":6,"column":54}},"type":"binary-expr","locations":[{"start":{"line":6,"column":16},"end":{"line":6,"column":26}},{"start":{"line":6,"column":30},"end":{"line":6,"column":54}}],"line":6},"1":{"loc":{"start":{"line":7,"column":2},"end":{"line":12,"column":3}},"type":"if","locations":[{"start":{"line":7,"column":2},"end":{"line":12,"column":3}},{"start":{},"end":{}}],"line":7},"2":{"loc":{"start":{"line":13,"column":20},"end":{"line":13,"column":62}},"type":"binary-expr","locations":[{"start":{"line":13,"column":20},"end":{"line":13,"column":42}},{"start":{"line":13,"column":46},"end":{"line":13,"column":62}}],"line":13},"3":{"loc":{"start":{"line":14,"column":4},"end":{"line":19,"column":5}},"type":"if","locations":[{"start":{"line":14,"column":4},"end":{"line":19,"column":5}},{"start":{},"end":{}}],"line":14}},"s":{"0":1,"1":4,"2":4,"3":4,"4":1,"5":1,"6":1,"7":1,"8":3,"9":3,"10":2,"11":2,"12":2,"13":2,"14":1,"15":1,"16":1},"f":{"0":4,"1":3},"b":{"0":[4,3],"1":[1,3],"2":[3,3],"3":[2,1]},"_coverageSchema":"1a1c01bbd47fc00a2c39e90264f33305004495a9","hash":"63a1050f5ccbdef6481433cb0568b5773701ca40"}
,"C:\\Users\\Khoa\\Documents\\GitHub\\ProjectPeerEvaluation\\src\\backend\\middleware\\authMiddleware.js": {"path":"C:\\Users\\Khoa\\Documents\\GitHub\\ProjectPeerEvaluation\\src\\backend\\middleware\\authMiddleware.js","statementMap":{},"fnMap":{},"branchMap":{},"s":{},"f":{},"b":{}}
,"C:\\Users\\Khoa\\Documents\\GitHub\\ProjectPeerEvaluation\\src\\backend\\middleware\\errorHandler.js": {"path":"C:\\Users\\Khoa\\Documents\\GitHub\\ProjectPeerEvaluation\\src\\backend\\middleware\\errorHandler.js","statementMap":{"0":{"start":{"line":2,"column":0},"end":{"line":12,"column":2}},"1":{"start":{"line":3,"column":17},"end":{"line":3,"column":34}},"2":{"start":{"line":4,"column":2},"end":{"line":11,"column":5}}},"fnMap":{"0":{"name":"(anonymous_0)","decl":{"start":{"line":2,"column":17},"end":{"line":2,"column":18}},"loc":{"start":{"line":2,"column":42},"end":{"line":12,"column":1}},"line":2}},"branchMap":{"0":{"loc":{"start":{"line":3,"column":17},"end":{"line":3,"column":34}},"type":"binary-expr","locations":[{"start":{"line":3,"column":17},"end":{"line":3,"column":27}},{"start":{"line":3,"column":31},"end":{"line":3,"column":34}}],"line":3},"1":{"loc":{"start":{"line":6,"column":12},"end":{"line":6,"column":38}},"type":"binary-expr","locations":[{"start":{"line":6,"column":12},"end":{"line":6,"column":20}},{"start":{"line":6,"column":24},"end":{"line":6,"column":38}}],"line":6},"2":{"loc":{"start":{"line":7,"column":15},"end":{"line":7,"column":53}},"type":"binary-expr","locations":[{"start":{"line":7,"column":15},"end":{"line":7,"column":26}},{"start":{"line":7,"column":30},"end":{"line":7,"column":53}}],"line":7},"3":{"loc":{"start":{"line":8,"column":15},"end":{"line":8,"column":32}},"type":"binary-expr","locations":[{"start":{"line":8,"column":15},"end":{"line":8,"column":26}},{"start":{"line":8,"column":30},"end":{"line":8,"column":32}}],"line":8}},"s":{"0":0,"1":0,"2":0},"f":{"0":0},"b":{"0":[0,0],"1":[0,0],"2":[0,0],"3":[0,0]}}
,"C:\\Users\\Khoa\\Documents\\GitHub\\ProjectPeerEvaluation\\src\\backend\\utils\\emailUtils.js": {"path":"C:\\Users\\Khoa\\Documents\\GitHub\\ProjectPeerEvaluation\\src\\backend\\utils\\emailUtils.js","statementMap":{"0":{"start":{"line":1,"column":19},"end":{"line":1,"column":40}},"1":{"start":{"line":5,"column":21},"end":{"line":22,"column":1}},"2":{"start":{"line":25,"column":20},"end":{"line":25,"column":60}},"3":{"start":{"line":36,"column":24},"end":{"line":36,"column":68}},"4":{"start":{"line":38,"column":18},"end":{"line":38,"column":87}},"5":{"start":{"line":40,"column":22},"end":{"line":89,"column":3}},"6":{"start":{"line":91,"column":22},"end":{"line":96,"column":3}},"7":{"start":{"line":98,"column":2},"end":{"line":105,"column":3}},"8":{"start":{"line":99,"column":17},"end":{"line":99,"column":56}},"9":{"start":{"line":100,"column":4},"end":{"line":100,"column":60}},"10":{"start":{"line":101,"column":4},"end":{"line":101,"column":56}},"11":{"start":{"line":103,"column":4},"end":{"line":103,"column":49}},"12":{"start":{"line":104,"column":4},"end":{"line":104,"column":52}},"13":{"start":{"line":112,"column":24},"end":{"line":112,"column":68}},"14":{"start":{"line":113,"column":18},"end":{"line":113,"column":75}},"15":{"start":{"line":115,"column":22},"end":{"line":131,"column":3}},"16":{"start":{"line":133,"column":22},"end":{"line":138,"column":3}},"17":{"start":{"line":140,"column":2},"end":{"line":146,"column":3}},"18":{"start":{"line":141,"column":17},"end":{"line":141,"column":56}},"19":{"start":{"line":142,"column":4},"end":{"line":142,"column":56}},"20":{"start":{"line":144,"column":4},"end":{"line":144,"column":58}},"21":{"start":{"line":145,"column":4},"end":{"line":145,"column":52}},"22":{"start":{"line":157,"column":18},"end":{"line":157,"column":57}},"23":{"start":{"line":158,"column":19},"end":{"line":158,"column":55}},"24":{"start":{"line":159,"column":18},"end":{"line":159,"column":42}},"25":{"start":{"line":160,"column":22},"end":{"line":176,"column":3}},"26":{"start":{"line":177,"column":22},"end":{"line":182,"column":3}},"27":{"start":{"line":183,"column":2},"end":{"line":190,"column":3}},"28":{"start":{"line":184,"column":17},"end":{"line":184,"column":56}},"29":{"start":{"line":185,"column":4},"end":{"line":185,"column":62}},"30":{"start":{"line":186,"column":4},"end":{"line":186,"column":56}},"31":{"start":{"line":188,"column":4},"end":{"line":188,"column":64}},"32":{"start":{"line":189,"column":4},"end":{"line":189,"column":52}},"33":{"start":{"line":193,"column":0},"end":{"line":197,"column":2}}},"fnMap":{"0":{"name":"sendEvaluationInvitation","decl":{"start":{"line":35,"column":15},"end":{"line":35,"column":39}},"loc":{"start":{"line":35,"column":123},"end":{"line":106,"column":1}},"line":35},"1":{"name":"sendEvaluationReminder","decl":{"start":{"line":111,"column":15},"end":{"line":111,"column":37}},"loc":{"start":{"line":111,"column":121},"end":{"line":147,"column":1}},"line":111},"2":{"name":"sendPasswordResetEmail","decl":{"start":{"line":156,"column":15},"end":{"line":156,"column":37}},"loc":{"start":{"line":156,"column":91},"end":{"line":191,"column":1}},"line":156}},"branchMap":{"0":{"loc":{"start":{"line":6,"column":11},"end":{"line":6,"column":48}},"type":"binary-expr","locations":[{"start":{"line":6,"column":11},"end":{"line":6,"column":35}},{"start":{"line":6,"column":39},"end":{"line":6,"column":48}}],"line":6},"1":{"loc":{"start":{"line":7,"column":8},"end":{"line":7,"column":85}},"type":"cond-expr","locations":[{"start":{"line":7,"column":35},"end":{"line":7,"column":44}},{"start":{"line":7,"column":48},"end":{"line":7,"column":84}}],"line":7},"2":{"loc":{"start":{"line":7,"column":48},"end":{"line":7,"column":84}},"type":"binary-expr","locations":[{"start":{"line":7,"column":48},"end":{"line":7,"column":69}},{"start":{"line":7,"column":73},"end":{"line":7,"column":84}}],"line":7},"3":{"loc":{"start":{"line":8,"column":8},"end":{"line":8,"column":87}},"type":"cond-expr","locations":[{"start":{"line":8,"column":35},"end":{"line":8,"column":44}},{"start":{"line":8,"column":48},"end":{"line":8,"column":86}}],"line":8},"4":{"loc":{"start":{"line":8,"column":48},"end":{"line":8,"column":86}},"type":"binary-expr","locations":[{"start":{"line":8,"column":48},"end":{"line":8,"column":79}},{"start":{"line":8,"column":83},"end":{"line":8,"column":86}}],"line":8},"5":{"loc":{"start":{"line":9,"column":10},"end":{"line":9,"column":79}},"type":"binary-expr","locations":[{"start":{"line":9,"column":10},"end":{"line":9,"column":44}},{"start":{"line":9,"column":48},"end":{"line":9,"column":79}}],"line":9},"6":{"loc":{"start":{"line":11,"column":10},"end":{"line":11,"column":53}},"type":"binary-expr","locations":[{"start":{"line":11,"column":10},"end":{"line":11,"column":31}},{"start":{"line":11,"column":35},"end":{"line":11,"column":53}}],"line":11},"7":{"loc":{"start":{"line":12,"column":10},"end":{"line":12,"column":45}},"type":"binary-expr","locations":[{"start":{"line":12,"column":10},"end":{"line":12,"column":31}},{"start":{"line":12,"column":35},"end":{"line":12,"column":45}}],"line":12},"8":{"loc":{"start":{"line":35,"column":74},"end":{"line":35,"column":111}},"type":"default-arg","locations":[{"start":{"line":35,"column":88},"end":{"line":35,"column":111}}],"line":35},"9":{"loc":{"start":{"line":57,"column":42},"end":{"line":57,"column":112}},"type":"cond-expr","locations":[{"start":{"line":57,"column":53},"end":{"line":57,"column":92}},{"start":{"line":57,"column":95},"end":{"line":57,"column":112}}],"line":57},"10":{"loc":{"start":{"line":92,"column":10},"end":{"line":92,"column":63}},"type":"binary-expr","locations":[{"start":{"line":92,"column":10},"end":{"line":92,"column":31}},{"start":{"line":92,"column":35},"end":{"line":92,"column":63}}],"line":92},"11":{"loc":{"start":{"line":111,"column":72},"end":{"line":111,"column":109}},"type":"default-arg","locations":[{"start":{"line":111,"column":86},"end":{"line":111,"column":109}}],"line":111},"12":{"loc":{"start":{"line":134,"column":10},"end":{"line":134,"column":63}},"type":"binary-expr","locations":[{"start":{"line":134,"column":10},"end":{"line":134,"column":31}},{"start":{"line":134,"column":35},"end":{"line":134,"column":63}}],"line":134},"13":{"loc":{"start":{"line":156,"column":52},"end":{"line":156,"column":89}},"type":"default-arg","locations":[{"start":{"line":156,"column":66},"end":{"line":156,"column":89}}],"line":156},"14":{"loc":{"start":{"line":157,"column":18},"end":{"line":157,"column":57}},"type":"binary-expr","locations":[{"start":{"line":157,"column":18},"end":{"line":157,"column":42}},{"start":{"line":157,"column":46},"end":{"line":157,"column":57}}],"line":157},"15":{"loc":{"start":{"line":178,"column":10},"end":{"line":178,"column":63}},"type":"binary-expr","locations":[{"start":{"line":178,"column":10},"end":{"line":178,"column":31}},{"start":{"line":178,"column":35},"end":{"line":178,"column":63}}],"line":178}},"s":{"0":2,"1":2,"2":2,"3":2,"4":2,"5":2,"6":2,"7":2,"8":2,"9":1,"10":1,"11":1,"12":1,"13":2,"14":2,"15":2,"16":2,"17":2,"18":2,"19":1,"20":1,"21":1,"22":2,"23":2,"24":2,"25":2,"26":2,"27":2,"28":2,"29":1,"30":1,"31":1,"32":1,"33":2},"f":{"0":2,"1":2,"2":2},"b":{"0":[2,2],"1":[0,2],"2":[2,2],"3":[0,2],"4":[2,2],"5":[2,2],"6":[2,2],"7":[2,2],"8":[1],"9":[1,1],"10":[2,2],"11":[2],"12":[2,2],"13":[2],"14":[2,2],"15":[2,2]},"_coverageSchema":"1a1c01bbd47fc00a2c39e90264f33305004495a9","hash":"5b64e838252aed755de2d66e2fa95568edf7b115"}
}
