TN:
SF:controllers\authController.js
FN:9,(anonymous_0)
FN:64,(anonymous_1)
FN:91,(anonymous_2)
FN:96,(anonymous_3)
FN:104,(anonymous_4)
FN:116,(anonymous_5)
FN:146,(anonymous_6)
FNF:7
FNH:3
FNDA:5,(anonymous_0)
FNDA:3,(anonymous_1)
FNDA:0,(anonymous_2)
FNDA:0,(anonymous_3)
FNDA:0,(anonymous_4)
FNDA:3,(anonymous_5)
FNDA:0,(anonymous_6)
DA:1,1
DA:2,1
DA:3,1
DA:4,1
DA:6,1
DA:7,1
DA:9,1
DA:10,5
DA:11,5
DA:12,5
DA:13,1
DA:14,1
DA:15,1
DA:16,1
DA:18,4
DA:19,4
DA:20,1
DA:21,1
DA:22,1
DA:23,1
DA:25,3
DA:26,3
DA:27,1
DA:28,1
DA:29,1
DA:30,1
DA:33,2
DA:35,1
DA:38,1
DA:43,1
DA:44,1
DA:45,1
DA:58,0
DA:59,0
DA:60,0
DA:64,1
DA:65,3
DA:66,3
DA:67,3
DA:68,1
DA:69,1
DA:70,1
DA:71,1
DA:73,2
DA:74,2
DA:75,1
DA:76,1
DA:77,1
DA:78,1
DA:80,1
DA:81,1
DA:82,1
DA:83,1
DA:85,0
DA:86,0
DA:87,0
DA:91,1
DA:93,0
DA:96,1
DA:98,0
DA:99,0
DA:100,0
DA:101,0
DA:104,1
DA:106,0
DA:107,0
DA:108,0
DA:109,0
DA:112,1
DA:113,1
DA:116,1
DA:117,3
DA:118,3
DA:119,3
DA:120,1
DA:121,1
DA:122,1
DA:123,1
DA:125,2
DA:126,2
DA:128,1
DA:131,1
DA:132,1
DA:133,1
DA:134,1
DA:136,1
DA:137,1
DA:139,0
DA:140,0
DA:141,0
DA:146,1
DA:147,0
DA:148,0
DA:149,0
DA:150,0
DA:151,0
DA:152,0
DA:153,0
DA:155,0
DA:156,0
DA:157,0
DA:158,0
DA:159,0
DA:160,0
DA:163,0
DA:164,0
DA:165,0
DA:166,0
DA:167,0
DA:168,0
DA:170,0
DA:171,0
DA:172,0
LF:113
LH:73
BRDA:6,0,0,1
BRDA:6,0,1,1
BRDA:12,1,0,1
BRDA:12,1,1,4
BRDA:12,2,0,5
BRDA:12,2,1,4
BRDA:19,3,0,1
BRDA:19,3,1,3
BRDA:26,4,0,1
BRDA:26,4,1,2
BRDA:33,5,0,1
BRDA:33,5,1,1
BRDA:58,6,0,0
BRDA:58,6,1,0
BRDA:59,7,0,0
BRDA:59,7,1,0
BRDA:67,8,0,1
BRDA:67,8,1,2
BRDA:67,9,0,3
BRDA:67,9,1,3
BRDA:67,9,2,2
BRDA:67,9,3,2
BRDA:74,10,0,1
BRDA:74,10,1,1
BRDA:85,11,0,0
BRDA:85,11,1,0
BRDA:86,12,0,0
BRDA:86,12,1,0
BRDA:119,13,0,1
BRDA:119,13,1,2
BRDA:126,14,0,1
BRDA:126,14,1,1
BRDA:139,15,0,0
BRDA:139,15,1,0
BRDA:140,16,0,0
BRDA:140,16,1,0
BRDA:149,17,0,0
BRDA:149,17,1,0
BRDA:149,18,0,0
BRDA:149,18,1,0
BRDA:156,19,0,0
BRDA:156,19,1,0
BRDA:156,20,0,0
BRDA:156,20,1,0
BRDA:156,20,2,0
BRDA:170,21,0,0
BRDA:170,21,1,0
BRDA:171,22,0,0
BRDA:171,22,1,0
BRF:49
BRH:24
end_of_record
TN:
SF:controllers\courseController.js
FN:4,(anonymous_0)
FN:42,(anonymous_1)
FN:48,(anonymous_2)
FN:51,(anonymous_3)
FN:76,(anonymous_4)
FN:122,(anonymous_5)
FN:154,(anonymous_6)
FN:179,(anonymous_7)
FN:219,(anonymous_8)
FNF:9
FNH:1
FNDA:0,(anonymous_0)
FNDA:0,(anonymous_1)
FNDA:0,(anonymous_2)
FNDA:0,(anonymous_3)
FNDA:4,(anonymous_4)
FNDA:0,(anonymous_5)
FNDA:0,(anonymous_6)
FNDA:0,(anonymous_7)
FNDA:0,(anonymous_8)
DA:1,1
DA:2,1
DA:4,1
DA:5,0
DA:13,0
DA:16,0
DA:18,0
DA:19,0
DA:21,0
DA:23,0
DA:28,0
DA:29,0
DA:31,0
DA:32,0
DA:34,0
DA:35,0
DA:38,0
DA:41,0
DA:42,0
DA:43,0
DA:47,0
DA:48,0
DA:51,0
DA:52,0
DA:53,0
DA:55,0
DA:56,0
DA:57,0
DA:59,0
DA:60,0
DA:64,0
DA:65,0
DA:68,0
DA:70,0
DA:71,0
DA:72,0
DA:76,1
DA:77,4
DA:78,4
DA:79,4
DA:80,4
DA:81,4
DA:82,4
DA:83,1
DA:84,1
DA:85,1
DA:86,1
DA:87,1
DA:90,3
DA:98,2
DA:99,1
DA:100,1
DA:101,1
DA:102,1
DA:105,1
DA:113,1
DA:114,1
DA:116,1
DA:117,1
DA:118,1
DA:122,1
DA:123,0
DA:124,0
DA:125,0
DA:126,0
DA:127,0
DA:128,0
DA:129,0
DA:131,0
DA:132,0
DA:133,0
DA:134,0
DA:135,0
DA:136,0
DA:139,0
DA:140,0
DA:142,0
DA:144,0
DA:145,0
DA:146,0
DA:148,0
DA:149,0
DA:150,0
DA:154,1
DA:155,0
DA:156,0
DA:157,0
DA:158,0
DA:159,0
DA:160,0
DA:161,0
DA:162,0
DA:164,0
DA:165,0
DA:166,0
DA:167,0
DA:168,0
DA:169,0
DA:171,0
DA:173,0
DA:174,0
DA:175,0
DA:179,1
DA:180,0
DA:181,0
DA:182,0
DA:184,0
DA:185,0
DA:186,0
DA:187,0
DA:188,0
DA:192,0
DA:195,0
DA:201,0
DA:202,0
DA:203,0
DA:204,0
DA:205,0
DA:208,0
DA:209,0
DA:211,0
DA:212,0
DA:213,0
DA:214,0
DA:219,1
DA:220,0
DA:221,0
DA:224,0
DA:234,0
DA:235,0
DA:237,0
DA:238,0
DA:241,0
DA:242,0
DA:243,0
DA:244,0
DA:245,0
DA:246,0
DA:247,0
DA:252,0
DA:253,0
DA:257,0
DA:258,0
DA:260,0
DA:261,0
DA:265,0
DA:266,0
DA:267,0
DA:268,0
DA:272,0
DA:278,0
DA:279,0
DA:280,0
DA:281,0
LF:154
LH:31
BRDA:12,0,0,0
BRDA:18,1,0,0
BRDA:18,1,1,0
BRDA:21,2,0,0
BRDA:21,2,1,0
BRDA:28,3,0,0
BRDA:28,3,1,0
BRDA:31,4,0,0
BRDA:31,4,1,0
BRDA:34,5,0,0
BRDA:34,5,1,0
BRDA:53,6,0,0
BRDA:53,6,1,0
BRDA:53,7,0,0
BRDA:53,7,1,0
BRDA:53,7,2,0
BRDA:56,8,0,0
BRDA:56,8,1,0
BRDA:57,9,0,0
BRDA:57,9,1,0
BRDA:59,10,0,0
BRDA:59,10,1,0
BRDA:59,11,0,0
BRDA:59,11,1,0
BRDA:64,12,0,0
BRDA:64,12,1,0
BRDA:70,13,0,0
BRDA:70,13,1,0
BRDA:71,14,0,0
BRDA:71,14,1,0
BRDA:82,15,0,1
BRDA:82,15,1,3
BRDA:82,16,0,4
BRDA:82,16,1,4
BRDA:82,16,2,4
BRDA:82,16,3,4
BRDA:98,17,0,1
BRDA:98,17,1,1
BRDA:116,18,0,1
BRDA:116,18,1,1
BRDA:117,19,0,1
BRDA:117,19,1,1
BRDA:125,20,0,0
BRDA:125,20,1,0
BRDA:132,21,0,0
BRDA:132,21,1,0
BRDA:148,22,0,0
BRDA:148,22,1,0
BRDA:149,23,0,0
BRDA:149,23,1,0
BRDA:158,24,0,0
BRDA:158,24,1,0
BRDA:165,25,0,0
BRDA:165,25,1,0
BRDA:173,26,0,0
BRDA:173,26,1,0
BRDA:174,27,0,0
BRDA:174,27,1,0
BRDA:184,28,0,0
BRDA:184,28,1,0
BRDA:201,29,0,0
BRDA:201,29,1,0
BRDA:212,30,0,0
BRDA:212,30,1,0
BRDA:213,31,0,0
BRDA:213,31,1,0
BRDA:241,32,0,0
BRDA:241,32,1,0
BRDA:241,33,0,0
BRDA:241,33,1,0
BRDA:243,34,0,0
BRDA:243,34,1,0
BRDA:244,35,0,0
BRDA:244,35,1,0
BRDA:244,36,0,0
BRDA:244,36,1,0
BRDA:246,37,0,0
BRDA:246,37,1,0
BRDA:252,38,0,0
BRDA:252,38,1,0
BRDA:257,39,0,0
BRDA:257,39,1,0
BRDA:260,40,0,0
BRDA:260,40,1,0
BRDA:265,41,0,0
BRDA:265,41,1,0
BRDA:267,42,0,0
BRDA:267,42,1,0
BRDA:279,43,0,0
BRDA:279,43,1,0
BRDA:280,44,0,0
BRDA:280,44,1,0
BRF:92
BRH:12
end_of_record
TN:
SF:controllers\evaluationController.js
FN:11,(anonymous_0)
FN:93,(anonymous_1)
FN:177,(anonymous_2)
FN:187,(anonymous_3)
FN:219,(anonymous_4)
FN:222,(anonymous_5)
FN:265,(anonymous_6)
FN:346,(anonymous_7)
FN:420,(anonymous_8)
FN:519,(anonymous_9)
FNF:10
FNH:1
FNDA:0,(anonymous_0)
FNDA:0,(anonymous_1)
FNDA:0,(anonymous_2)
FNDA:0,(anonymous_3)
FNDA:0,(anonymous_4)
FNDA:0,(anonymous_5)
FNDA:0,(anonymous_6)
FNDA:0,(anonymous_7)
FNDA:6,(anonymous_8)
FNDA:0,(anonymous_9)
DA:1,1
DA:2,1
DA:3,1
DA:4,1
DA:5,1
DA:6,1
DA:11,1
DA:12,0
DA:13,0
DA:14,0
DA:17,0
DA:18,0
DA:19,0
DA:20,0
DA:21,0
DA:22,0
DA:26,0
DA:27,0
DA:28,0
DA:29,0
DA:30,0
DA:31,0
DA:35,0
DA:36,0
DA:37,0
DA:38,0
DA:39,0
DA:40,0
DA:43,0
DA:44,0
DA:46,0
DA:49,0
DA:50,0
DA:52,0
DA:53,0
DA:54,0
DA:55,0
DA:58,0
DA:65,0
DA:66,0
DA:68,0
DA:71,0
DA:75,0
DA:84,0
DA:85,0
DA:86,0
DA:87,0
DA:93,1
DA:94,0
DA:95,0
DA:96,0
DA:99,0
DA:100,0
DA:101,0
DA:102,0
DA:103,0
DA:104,0
DA:108,0
DA:110,0
DA:111,0
DA:112,0
DA:113,0
DA:114,0
DA:117,0
DA:118,0
DA:120,0
DA:123,0
DA:124,0
DA:125,0
DA:128,0
DA:129,0
DA:130,0
DA:131,0
DA:132,0
DA:135,0
DA:136,0
DA:144,0
DA:146,0
DA:147,0
DA:149,0
DA:152,0
DA:156,0
DA:158,0
DA:167,0
DA:168,0
DA:169,0
DA:170,0
DA:177,1
DA:178,0
DA:179,0
DA:182,0
DA:183,0
DA:187,0
DA:190,0
DA:191,0
DA:202,0
DA:203,0
DA:214,0
DA:215,0
DA:216,0
DA:219,0
DA:221,0
DA:222,0
DA:225,0
DA:226,0
DA:227,0
DA:231,0
DA:234,0
DA:245,0
DA:255,0
DA:256,0
DA:257,0
DA:258,0
DA:265,1
DA:266,0
DA:267,0
DA:268,0
DA:271,0
DA:272,0
DA:273,0
DA:274,0
DA:275,0
DA:276,0
DA:280,0
DA:283,0
DA:285,0
DA:292,0
DA:298,0
DA:299,0
DA:305,0
DA:306,0
DA:309,0
DA:310,0
DA:311,0
DA:318,0
DA:319,0
DA:321,0
DA:324,0
DA:328,0
DA:336,0
DA:337,0
DA:338,0
DA:339,0
DA:346,1
DA:347,0
DA:348,0
DA:351,0
DA:353,0
DA:354,0
DA:355,0
DA:356,0
DA:357,0
DA:361,0
DA:366,0
DA:367,0
DA:375,0
DA:376,0
DA:377,0
DA:383,0
DA:390,0
DA:407,0
DA:410,0
DA:411,0
DA:412,0
DA:413,0
DA:420,1
DA:421,6
DA:422,6
DA:423,6
DA:426,6
DA:428,6
DA:429,1
DA:430,1
DA:431,1
DA:432,1
DA:436,5
DA:441,5
DA:442,1
DA:443,1
DA:444,1
DA:445,1
DA:449,4
DA:450,1
DA:451,1
DA:452,1
DA:453,1
DA:457,3
DA:458,3
DA:460,4
DA:462,4
DA:463,24
DA:464,1
DA:465,1
DA:466,1
DA:467,1
DA:471,3
DA:472,1
DA:473,1
DA:474,1
DA:475,1
DA:479,2
DA:495,2
DA:496,2
DA:500,1
DA:502,1
DA:509,0
DA:510,0
DA:511,0
DA:512,0
DA:519,1
DA:520,0
DA:521,0
DA:524,0
DA:526,0
DA:527,0
DA:528,0
DA:529,0
DA:530,0
DA:534,0
DA:539,0
DA:547,0
DA:548,0
DA:549,0
DA:550,0
LF:224
LH:52
BRDA:18,0,0,0
BRDA:18,0,1,0
BRDA:27,1,0,0
BRDA:27,1,1,0
BRDA:27,2,0,0
BRDA:27,2,1,0
BRDA:36,3,0,0
BRDA:36,3,1,0
BRDA:52,4,0,0
BRDA:52,4,1,0
BRDA:62,5,0,0
BRDA:62,5,1,0
BRDA:65,6,0,0
BRDA:65,6,1,0
BRDA:85,7,0,0
BRDA:85,7,1,0
BRDA:86,8,0,0
BRDA:86,8,1,0
BRDA:100,9,0,0
BRDA:100,9,1,0
BRDA:110,10,0,0
BRDA:110,10,1,0
BRDA:128,11,0,0
BRDA:128,11,1,0
BRDA:140,12,0,0
BRDA:140,12,1,0
BRDA:144,13,0,0
BRDA:144,13,1,0
BRDA:146,14,0,0
BRDA:146,14,1,0
BRDA:168,15,0,0
BRDA:168,15,1,0
BRDA:169,16,0,0
BRDA:169,16,1,0
BRDA:187,17,0,0
BRDA:187,17,1,0
BRDA:190,18,0,0
BRDA:190,18,1,0
BRDA:202,19,0,0
BRDA:202,19,1,0
BRDA:226,20,0,0
BRDA:226,20,1,0
BRDA:231,21,0,0
BRDA:231,21,1,0
BRDA:235,22,0,0
BRDA:235,22,1,0
BRDA:236,23,0,0
BRDA:236,23,1,0
BRDA:237,24,0,0
BRDA:237,24,1,0
BRDA:238,25,0,0
BRDA:238,25,1,0
BRDA:249,26,0,0
BRDA:249,26,1,0
BRDA:256,27,0,0
BRDA:256,27,1,0
BRDA:257,28,0,0
BRDA:257,28,1,0
BRDA:272,29,0,0
BRDA:272,29,1,0
BRDA:283,30,0,0
BRDA:283,30,1,0
BRDA:283,31,0,0
BRDA:283,31,1,0
BRDA:298,32,0,0
BRDA:298,32,1,0
BRDA:315,33,0,0
BRDA:315,33,1,0
BRDA:318,34,0,0
BRDA:318,34,1,0
BRDA:337,35,0,0
BRDA:337,35,1,0
BRDA:338,36,0,0
BRDA:338,36,1,0
BRDA:353,37,0,0
BRDA:353,37,1,0
BRDA:366,38,0,0
BRDA:366,38,1,0
BRDA:376,39,0,0
BRDA:376,39,1,0
BRDA:394,40,0,0
BRDA:394,40,1,0
BRDA:411,41,0,0
BRDA:411,41,1,0
BRDA:412,42,0,0
BRDA:412,42,1,0
BRDA:428,43,0,1
BRDA:428,43,1,5
BRDA:441,44,0,1
BRDA:441,44,1,4
BRDA:449,45,0,1
BRDA:449,45,1,3
BRDA:449,46,0,4
BRDA:449,46,1,4
BRDA:449,46,2,4
BRDA:463,47,0,1
BRDA:463,47,1,23
BRDA:463,48,0,24
BRDA:463,48,1,24
BRDA:471,49,0,1
BRDA:471,49,1,2
BRDA:471,50,0,3
BRDA:471,50,1,3
BRDA:510,51,0,0
BRDA:510,51,1,0
BRDA:511,52,0,0
BRDA:511,52,1,0
BRDA:526,53,0,0
BRDA:526,53,1,0
BRDA:548,54,0,0
BRDA:548,54,1,0
BRDA:549,55,0,0
BRDA:549,55,1,0
BRF:113
BRH:17
end_of_record
TN:
SF:middleware\auth.js
FN:4,authenticateToken
FN:13,(anonymous_1)
FNF:2
FNH:2
FNDA:4,authenticateToken
FNDA:3,(anonymous_1)
DA:2,1
DA:5,4
DA:6,4
DA:7,4
DA:8,1
DA:9,1
DA:10,1
DA:11,1
DA:13,3
DA:14,3
DA:15,2
DA:16,2
DA:17,2
DA:18,2
DA:20,1
DA:21,1
DA:25,1
LF:17
LH:17
BRDA:6,0,0,4
BRDA:6,0,1,3
BRDA:7,1,0,1
BRDA:7,1,1,3
BRDA:13,2,0,3
BRDA:13,2,1,3
BRDA:14,3,0,2
BRDA:14,3,1,1
BRF:8
BRH:8
end_of_record
TN:
SF:middleware\authMiddleware.js
FNF:0
FNH:0
LF:0
LH:0
BRF:0
BRH:0
end_of_record
TN:
SF:middleware\errorHandler.js
FN:2,(anonymous_0)
FNF:1
FNH:0
FNDA:0,(anonymous_0)
DA:2,0
DA:3,0
DA:4,0
LF:3
LH:0
BRDA:3,0,0,0
BRDA:3,0,1,0
BRDA:6,1,0,0
BRDA:6,1,1,0
BRDA:7,2,0,0
BRDA:7,2,1,0
BRDA:8,3,0,0
BRDA:8,3,1,0
BRF:8
BRH:0
end_of_record
TN:
SF:utils\emailUtils.js
FN:35,sendEvaluationInvitation
FN:111,sendEvaluationReminder
FN:156,sendPasswordResetEmail
FNF:3
FNH:3
FNDA:2,sendEvaluationInvitation
FNDA:2,sendEvaluationReminder
FNDA:2,sendPasswordResetEmail
DA:1,2
DA:5,2
DA:25,2
DA:36,2
DA:38,2
DA:40,2
DA:91,2
DA:98,2
DA:99,2
DA:100,1
DA:101,1
DA:103,1
DA:104,1
DA:112,2
DA:113,2
DA:115,2
DA:133,2
DA:140,2
DA:141,2
DA:142,1
DA:144,1
DA:145,1
DA:157,2
DA:158,2
DA:159,2
DA:160,2
DA:177,2
DA:183,2
DA:184,2
DA:185,1
DA:186,1
DA:188,1
DA:189,1
DA:193,2
LF:34
LH:34
BRDA:6,0,0,2
BRDA:6,0,1,2
BRDA:7,1,0,0
BRDA:7,1,1,2
BRDA:7,2,0,2
BRDA:7,2,1,2
BRDA:8,3,0,0
BRDA:8,3,1,2
BRDA:8,4,0,2
BRDA:8,4,1,2
BRDA:9,5,0,2
BRDA:9,5,1,2
BRDA:11,6,0,2
BRDA:11,6,1,2
BRDA:12,7,0,2
BRDA:12,7,1,2
BRDA:35,8,0,1
BRDA:57,9,0,1
BRDA:57,9,1,1
BRDA:92,10,0,2
BRDA:92,10,1,2
BRDA:111,11,0,2
BRDA:134,12,0,2
BRDA:134,12,1,2
BRDA:156,13,0,2
BRDA:157,14,0,2
BRDA:157,14,1,2
BRDA:178,15,0,2
BRDA:178,15,1,2
BRF:29
BRH:27
end_of_record
